ARM GAS  C:\Users\Student\AppData\Local\Temp\ccEAU61W.s 			page 1


   1              		.cpu cortex-m7
   2              		.eabi_attribute 27, 1
   3              		.eabi_attribute 28, 1
   4              		.eabi_attribute 20, 1
   5              		.eabi_attribute 21, 1
   6              		.eabi_attribute 23, 3
   7              		.eabi_attribute 24, 1
   8              		.eabi_attribute 25, 1
   9              		.eabi_attribute 26, 1
  10              		.eabi_attribute 30, 1
  11              		.eabi_attribute 34, 1
  12              		.eabi_attribute 18, 4
  13              		.file	"stm32f7xx_hal_msp.c"
  14              		.text
  15              	.Ltext0:
  16              		.cfi_sections	.debug_frame
  17              		.section	.text.HAL_MspInit,"ax",%progbits
  18              		.align	1
  19              		.global	HAL_MspInit
  20              		.syntax unified
  21              		.thumb
  22              		.thumb_func
  23              		.fpu fpv5-sp-d16
  25              	HAL_MspInit:
  26              	.LFB136:
  27              		.file 1 "Src/stm32f7xx_hal_msp.c"
   1:Src/stm32f7xx_hal_msp.c **** /**
   2:Src/stm32f7xx_hal_msp.c ****   ******************************************************************************
   3:Src/stm32f7xx_hal_msp.c ****   * File Name          : stm32f7xx_hal_msp.c
   4:Src/stm32f7xx_hal_msp.c ****   * Description        : This file provides code for the MSP Initialization 
   5:Src/stm32f7xx_hal_msp.c ****   *                      and de-Initialization codes.
   6:Src/stm32f7xx_hal_msp.c ****   ******************************************************************************
   7:Src/stm32f7xx_hal_msp.c ****   * This notice applies to any and all portions of this file
   8:Src/stm32f7xx_hal_msp.c ****   * that are not between comment pairs USER CODE BEGIN and
   9:Src/stm32f7xx_hal_msp.c ****   * USER CODE END. Other portions of this file, whether 
  10:Src/stm32f7xx_hal_msp.c ****   * inserted by the user or by software development tools
  11:Src/stm32f7xx_hal_msp.c ****   * are owned by their respective copyright owners.
  12:Src/stm32f7xx_hal_msp.c ****   *
  13:Src/stm32f7xx_hal_msp.c ****   * Copyright (c) 2018 STMicroelectronics International N.V. 
  14:Src/stm32f7xx_hal_msp.c ****   * All rights reserved.
  15:Src/stm32f7xx_hal_msp.c ****   *
  16:Src/stm32f7xx_hal_msp.c ****   * Redistribution and use in source and binary forms, with or without 
  17:Src/stm32f7xx_hal_msp.c ****   * modification, are permitted, provided that the following conditions are met:
  18:Src/stm32f7xx_hal_msp.c ****   *
  19:Src/stm32f7xx_hal_msp.c ****   * 1. Redistribution of source code must retain the above copyright notice, 
  20:Src/stm32f7xx_hal_msp.c ****   *    this list of conditions and the following disclaimer.
  21:Src/stm32f7xx_hal_msp.c ****   * 2. Redistributions in binary form must reproduce the above copyright notice,
  22:Src/stm32f7xx_hal_msp.c ****   *    this list of conditions and the following disclaimer in the documentation
  23:Src/stm32f7xx_hal_msp.c ****   *    and/or other materials provided with the distribution.
  24:Src/stm32f7xx_hal_msp.c ****   * 3. Neither the name of STMicroelectronics nor the names of other 
  25:Src/stm32f7xx_hal_msp.c ****   *    contributors to this software may be used to endorse or promote products 
  26:Src/stm32f7xx_hal_msp.c ****   *    derived from this software without specific written permission.
  27:Src/stm32f7xx_hal_msp.c ****   * 4. This software, including modifications and/or derivative works of this 
  28:Src/stm32f7xx_hal_msp.c ****   *    software, must execute solely and exclusively on microcontroller or
  29:Src/stm32f7xx_hal_msp.c ****   *    microprocessor devices manufactured by or for STMicroelectronics.
  30:Src/stm32f7xx_hal_msp.c ****   * 5. Redistribution and use of this software other than as permitted under 
  31:Src/stm32f7xx_hal_msp.c ****   *    this license is void and will automatically terminate your rights under 
ARM GAS  C:\Users\Student\AppData\Local\Temp\ccEAU61W.s 			page 2


  32:Src/stm32f7xx_hal_msp.c ****   *    this license. 
  33:Src/stm32f7xx_hal_msp.c ****   *
  34:Src/stm32f7xx_hal_msp.c ****   * THIS SOFTWARE IS PROVIDED BY STMICROELECTRONICS AND CONTRIBUTORS "AS IS" 
  35:Src/stm32f7xx_hal_msp.c ****   * AND ANY EXPRESS, IMPLIED OR STATUTORY WARRANTIES, INCLUDING, BUT NOT 
  36:Src/stm32f7xx_hal_msp.c ****   * LIMITED TO, THE IMPLIED WARRANTIES OF MERCHANTABILITY, FITNESS FOR A 
  37:Src/stm32f7xx_hal_msp.c ****   * PARTICULAR PURPOSE AND NON-INFRINGEMENT OF THIRD PARTY INTELLECTUAL PROPERTY
  38:Src/stm32f7xx_hal_msp.c ****   * RIGHTS ARE DISCLAIMED TO THE FULLEST EXTENT PERMITTED BY LAW. IN NO EVENT 
  39:Src/stm32f7xx_hal_msp.c ****   * SHALL STMICROELECTRONICS OR CONTRIBUTORS BE LIABLE FOR ANY DIRECT, INDIRECT,
  40:Src/stm32f7xx_hal_msp.c ****   * INCIDENTAL, SPECIAL, EXEMPLARY, OR CONSEQUENTIAL DAMAGES (INCLUDING, BUT NOT
  41:Src/stm32f7xx_hal_msp.c ****   * LIMITED TO, PROCUREMENT OF SUBSTITUTE GOODS OR SERVICES; LOSS OF USE, DATA, 
  42:Src/stm32f7xx_hal_msp.c ****   * OR PROFITS; OR BUSINESS INTERRUPTION) HOWEVER CAUSED AND ON ANY THEORY OF 
  43:Src/stm32f7xx_hal_msp.c ****   * LIABILITY, WHETHER IN CONTRACT, STRICT LIABILITY, OR TORT (INCLUDING 
  44:Src/stm32f7xx_hal_msp.c ****   * NEGLIGENCE OR OTHERWISE) ARISING IN ANY WAY OUT OF THE USE OF THIS SOFTWARE,
  45:Src/stm32f7xx_hal_msp.c ****   * EVEN IF ADVISED OF THE POSSIBILITY OF SUCH DAMAGE.
  46:Src/stm32f7xx_hal_msp.c ****   *
  47:Src/stm32f7xx_hal_msp.c ****   ******************************************************************************
  48:Src/stm32f7xx_hal_msp.c ****   */
  49:Src/stm32f7xx_hal_msp.c **** /* Includes ------------------------------------------------------------------*/
  50:Src/stm32f7xx_hal_msp.c **** #include "stm32f7xx_hal.h"
  51:Src/stm32f7xx_hal_msp.c **** 
  52:Src/stm32f7xx_hal_msp.c **** extern DMA_HandleTypeDef hdma_usart1_rx;
  53:Src/stm32f7xx_hal_msp.c **** 
  54:Src/stm32f7xx_hal_msp.c **** extern DMA_HandleTypeDef hdma_usart6_rx;
  55:Src/stm32f7xx_hal_msp.c **** 
  56:Src/stm32f7xx_hal_msp.c **** extern void _Error_Handler(char *, int);
  57:Src/stm32f7xx_hal_msp.c **** /* USER CODE BEGIN 0 */
  58:Src/stm32f7xx_hal_msp.c **** 
  59:Src/stm32f7xx_hal_msp.c **** /* USER CODE END 0 */
  60:Src/stm32f7xx_hal_msp.c **** /**
  61:Src/stm32f7xx_hal_msp.c ****   * Initializes the Global MSP.
  62:Src/stm32f7xx_hal_msp.c ****   */
  63:Src/stm32f7xx_hal_msp.c **** void HAL_MspInit(void)
  64:Src/stm32f7xx_hal_msp.c **** {
  28              		.loc 1 64 0
  29              		.cfi_startproc
  30              		@ args = 0, pretend = 0, frame = 0
  31              		@ frame_needed = 0, uses_anonymous_args = 0
  32 0000 08B5     		push	{r3, lr}
  33              	.LCFI0:
  34              		.cfi_def_cfa_offset 8
  35              		.cfi_offset 3, -8
  36              		.cfi_offset 14, -4
  65:Src/stm32f7xx_hal_msp.c ****   /* USER CODE BEGIN MspInit 0 */
  66:Src/stm32f7xx_hal_msp.c **** 
  67:Src/stm32f7xx_hal_msp.c ****   /* USER CODE END MspInit 0 */
  68:Src/stm32f7xx_hal_msp.c **** 
  69:Src/stm32f7xx_hal_msp.c ****   HAL_NVIC_SetPriorityGrouping(NVIC_PRIORITYGROUP_4);
  37              		.loc 1 69 0
  38 0002 0320     		movs	r0, #3
  39 0004 FFF7FEFF 		bl	HAL_NVIC_SetPriorityGrouping
  40              	.LVL0:
  70:Src/stm32f7xx_hal_msp.c **** 
  71:Src/stm32f7xx_hal_msp.c ****   /* System interrupt init*/
  72:Src/stm32f7xx_hal_msp.c ****   /* MemoryManagement_IRQn interrupt configuration */
  73:Src/stm32f7xx_hal_msp.c ****   HAL_NVIC_SetPriority(MemoryManagement_IRQn, 0, 0);
  41              		.loc 1 73 0
  42 0008 0022     		movs	r2, #0
ARM GAS  C:\Users\Student\AppData\Local\Temp\ccEAU61W.s 			page 3


  43 000a 1146     		mov	r1, r2
  44 000c 6FF00B00 		mvn	r0, #11
  45 0010 FFF7FEFF 		bl	HAL_NVIC_SetPriority
  46              	.LVL1:
  74:Src/stm32f7xx_hal_msp.c ****   /* BusFault_IRQn interrupt configuration */
  75:Src/stm32f7xx_hal_msp.c ****   HAL_NVIC_SetPriority(BusFault_IRQn, 0, 0);
  47              		.loc 1 75 0
  48 0014 0022     		movs	r2, #0
  49 0016 1146     		mov	r1, r2
  50 0018 6FF00A00 		mvn	r0, #10
  51 001c FFF7FEFF 		bl	HAL_NVIC_SetPriority
  52              	.LVL2:
  76:Src/stm32f7xx_hal_msp.c ****   /* UsageFault_IRQn interrupt configuration */
  77:Src/stm32f7xx_hal_msp.c ****   HAL_NVIC_SetPriority(UsageFault_IRQn, 0, 0);
  53              		.loc 1 77 0
  54 0020 0022     		movs	r2, #0
  55 0022 1146     		mov	r1, r2
  56 0024 6FF00900 		mvn	r0, #9
  57 0028 FFF7FEFF 		bl	HAL_NVIC_SetPriority
  58              	.LVL3:
  78:Src/stm32f7xx_hal_msp.c ****   /* SVCall_IRQn interrupt configuration */
  79:Src/stm32f7xx_hal_msp.c ****   HAL_NVIC_SetPriority(SVCall_IRQn, 0, 0);
  59              		.loc 1 79 0
  60 002c 0022     		movs	r2, #0
  61 002e 1146     		mov	r1, r2
  62 0030 6FF00400 		mvn	r0, #4
  63 0034 FFF7FEFF 		bl	HAL_NVIC_SetPriority
  64              	.LVL4:
  80:Src/stm32f7xx_hal_msp.c ****   /* DebugMonitor_IRQn interrupt configuration */
  81:Src/stm32f7xx_hal_msp.c ****   HAL_NVIC_SetPriority(DebugMonitor_IRQn, 0, 0);
  65              		.loc 1 81 0
  66 0038 0022     		movs	r2, #0
  67 003a 1146     		mov	r1, r2
  68 003c 6FF00300 		mvn	r0, #3
  69 0040 FFF7FEFF 		bl	HAL_NVIC_SetPriority
  70              	.LVL5:
  82:Src/stm32f7xx_hal_msp.c ****   /* PendSV_IRQn interrupt configuration */
  83:Src/stm32f7xx_hal_msp.c ****   HAL_NVIC_SetPriority(PendSV_IRQn, 15, 0);
  71              		.loc 1 83 0
  72 0044 0022     		movs	r2, #0
  73 0046 0F21     		movs	r1, #15
  74 0048 6FF00100 		mvn	r0, #1
  75 004c FFF7FEFF 		bl	HAL_NVIC_SetPriority
  76              	.LVL6:
  84:Src/stm32f7xx_hal_msp.c ****   /* SysTick_IRQn interrupt configuration */
  85:Src/stm32f7xx_hal_msp.c ****   HAL_NVIC_SetPriority(SysTick_IRQn, 15, 0);
  77              		.loc 1 85 0
  78 0050 0022     		movs	r2, #0
  79 0052 0F21     		movs	r1, #15
  80 0054 4FF0FF30 		mov	r0, #-1
  81 0058 FFF7FEFF 		bl	HAL_NVIC_SetPriority
  82              	.LVL7:
  83 005c 08BD     		pop	{r3, pc}
  84              		.cfi_endproc
  85              	.LFE136:
  87              		.section	.text.HAL_ADC_MspInit,"ax",%progbits
  88              		.align	1
ARM GAS  C:\Users\Student\AppData\Local\Temp\ccEAU61W.s 			page 4


  89              		.global	HAL_ADC_MspInit
  90              		.syntax unified
  91              		.thumb
  92              		.thumb_func
  93              		.fpu fpv5-sp-d16
  95              	HAL_ADC_MspInit:
  96              	.LFB137:
  86:Src/stm32f7xx_hal_msp.c **** 
  87:Src/stm32f7xx_hal_msp.c ****   /* USER CODE BEGIN MspInit 1 */
  88:Src/stm32f7xx_hal_msp.c **** 
  89:Src/stm32f7xx_hal_msp.c ****   /* USER CODE END MspInit 1 */
  90:Src/stm32f7xx_hal_msp.c **** }
  91:Src/stm32f7xx_hal_msp.c **** 
  92:Src/stm32f7xx_hal_msp.c **** void HAL_ADC_MspInit(ADC_HandleTypeDef* hadc)
  93:Src/stm32f7xx_hal_msp.c **** {
  97              		.loc 1 93 0
  98              		.cfi_startproc
  99              		@ args = 0, pretend = 0, frame = 24
 100              		@ frame_needed = 0, uses_anonymous_args = 0
 101              	.LVL8:
  94:Src/stm32f7xx_hal_msp.c **** 
  95:Src/stm32f7xx_hal_msp.c ****   GPIO_InitTypeDef GPIO_InitStruct;
  96:Src/stm32f7xx_hal_msp.c ****   if(hadc->Instance==ADC3)
 102              		.loc 1 96 0
 103 0000 0268     		ldr	r2, [r0]
 104 0002 134B     		ldr	r3, .L10
 105 0004 9A42     		cmp	r2, r3
 106 0006 00D0     		beq	.L9
 107 0008 7047     		bx	lr
 108              	.L9:
  93:Src/stm32f7xx_hal_msp.c **** 
 109              		.loc 1 93 0
 110 000a 30B5     		push	{r4, r5, lr}
 111              	.LCFI1:
 112              		.cfi_def_cfa_offset 12
 113              		.cfi_offset 4, -12
 114              		.cfi_offset 5, -8
 115              		.cfi_offset 14, -4
 116 000c 87B0     		sub	sp, sp, #28
 117              	.LCFI2:
 118              		.cfi_def_cfa_offset 40
 119              	.LBB2:
  97:Src/stm32f7xx_hal_msp.c ****   {
  98:Src/stm32f7xx_hal_msp.c ****   /* USER CODE BEGIN ADC3_MspInit 0 */
  99:Src/stm32f7xx_hal_msp.c **** 
 100:Src/stm32f7xx_hal_msp.c ****   /* USER CODE END ADC3_MspInit 0 */
 101:Src/stm32f7xx_hal_msp.c ****     /* Peripheral clock enable */
 102:Src/stm32f7xx_hal_msp.c ****     __HAL_RCC_ADC3_CLK_ENABLE();
 120              		.loc 1 102 0
 121 000e 03F58B33 		add	r3, r3, #71168
 122 0012 5A6C     		ldr	r2, [r3, #68]
 123 0014 42F48062 		orr	r2, r2, #1024
 124 0018 5A64     		str	r2, [r3, #68]
 125 001a 5B6C     		ldr	r3, [r3, #68]
 126 001c 03F48063 		and	r3, r3, #1024
 127 0020 0093     		str	r3, [sp]
 128 0022 009B     		ldr	r3, [sp]
ARM GAS  C:\Users\Student\AppData\Local\Temp\ccEAU61W.s 			page 5


 129              	.LBE2:
 103:Src/stm32f7xx_hal_msp.c ****   
 104:Src/stm32f7xx_hal_msp.c ****     /**ADC3 GPIO Configuration    
 105:Src/stm32f7xx_hal_msp.c ****     PF7     ------> ADC3_IN5
 106:Src/stm32f7xx_hal_msp.c ****     PF6     ------> ADC3_IN4
 107:Src/stm32f7xx_hal_msp.c ****     PF10     ------> ADC3_IN8
 108:Src/stm32f7xx_hal_msp.c ****     PF9     ------> ADC3_IN7
 109:Src/stm32f7xx_hal_msp.c ****     PF8     ------> ADC3_IN6
 110:Src/stm32f7xx_hal_msp.c ****     PA0/WKUP     ------> ADC3_IN0 
 111:Src/stm32f7xx_hal_msp.c ****     */
 112:Src/stm32f7xx_hal_msp.c ****     GPIO_InitStruct.Pin = ARDUINO_A4_Pin|ARDUINO_A5_Pin|ARDUINO_A1_Pin|ARDUINO_A2_Pin 
 130              		.loc 1 112 0
 131 0024 4FF4F863 		mov	r3, #1984
 132 0028 0193     		str	r3, [sp, #4]
 113:Src/stm32f7xx_hal_msp.c ****                           |ARDUINO_A3_Pin;
 114:Src/stm32f7xx_hal_msp.c ****     GPIO_InitStruct.Mode = GPIO_MODE_ANALOG;
 133              		.loc 1 114 0
 134 002a 0325     		movs	r5, #3
 135 002c 0295     		str	r5, [sp, #8]
 115:Src/stm32f7xx_hal_msp.c ****     GPIO_InitStruct.Pull = GPIO_NOPULL;
 136              		.loc 1 115 0
 137 002e 0024     		movs	r4, #0
 138 0030 0394     		str	r4, [sp, #12]
 116:Src/stm32f7xx_hal_msp.c ****     HAL_GPIO_Init(GPIOF, &GPIO_InitStruct);
 139              		.loc 1 116 0
 140 0032 01A9     		add	r1, sp, #4
 141 0034 0748     		ldr	r0, .L10+4
 142              	.LVL9:
 143 0036 FFF7FEFF 		bl	HAL_GPIO_Init
 144              	.LVL10:
 117:Src/stm32f7xx_hal_msp.c **** 
 118:Src/stm32f7xx_hal_msp.c ****     GPIO_InitStruct.Pin = GPIO_PIN_0;
 145              		.loc 1 118 0
 146 003a 0123     		movs	r3, #1
 147 003c 0193     		str	r3, [sp, #4]
 119:Src/stm32f7xx_hal_msp.c ****     GPIO_InitStruct.Mode = GPIO_MODE_ANALOG;
 148              		.loc 1 119 0
 149 003e 0295     		str	r5, [sp, #8]
 120:Src/stm32f7xx_hal_msp.c ****     GPIO_InitStruct.Pull = GPIO_NOPULL;
 150              		.loc 1 120 0
 151 0040 0394     		str	r4, [sp, #12]
 121:Src/stm32f7xx_hal_msp.c ****     HAL_GPIO_Init(GPIOA, &GPIO_InitStruct);
 152              		.loc 1 121 0
 153 0042 01A9     		add	r1, sp, #4
 154 0044 0448     		ldr	r0, .L10+8
 155 0046 FFF7FEFF 		bl	HAL_GPIO_Init
 156              	.LVL11:
 122:Src/stm32f7xx_hal_msp.c **** 
 123:Src/stm32f7xx_hal_msp.c ****   /* USER CODE BEGIN ADC3_MspInit 1 */
 124:Src/stm32f7xx_hal_msp.c **** 
 125:Src/stm32f7xx_hal_msp.c ****   /* USER CODE END ADC3_MspInit 1 */
 126:Src/stm32f7xx_hal_msp.c ****   }
 127:Src/stm32f7xx_hal_msp.c **** 
 128:Src/stm32f7xx_hal_msp.c **** }
 157              		.loc 1 128 0
 158 004a 07B0     		add	sp, sp, #28
 159              	.LCFI3:
ARM GAS  C:\Users\Student\AppData\Local\Temp\ccEAU61W.s 			page 6


 160              		.cfi_def_cfa_offset 12
 161              		@ sp needed
 162 004c 30BD     		pop	{r4, r5, pc}
 163              	.L11:
 164 004e 00BF     		.align	2
 165              	.L10:
 166 0050 00220140 		.word	1073816064
 167 0054 00140240 		.word	1073878016
 168 0058 00000240 		.word	1073872896
 169              		.cfi_endproc
 170              	.LFE137:
 172              		.section	.text.HAL_ADC_MspDeInit,"ax",%progbits
 173              		.align	1
 174              		.global	HAL_ADC_MspDeInit
 175              		.syntax unified
 176              		.thumb
 177              		.thumb_func
 178              		.fpu fpv5-sp-d16
 180              	HAL_ADC_MspDeInit:
 181              	.LFB138:
 129:Src/stm32f7xx_hal_msp.c **** 
 130:Src/stm32f7xx_hal_msp.c **** void HAL_ADC_MspDeInit(ADC_HandleTypeDef* hadc)
 131:Src/stm32f7xx_hal_msp.c **** {
 182              		.loc 1 131 0
 183              		.cfi_startproc
 184              		@ args = 0, pretend = 0, frame = 0
 185              		@ frame_needed = 0, uses_anonymous_args = 0
 186              	.LVL12:
 187 0000 08B5     		push	{r3, lr}
 188              	.LCFI4:
 189              		.cfi_def_cfa_offset 8
 190              		.cfi_offset 3, -8
 191              		.cfi_offset 14, -4
 132:Src/stm32f7xx_hal_msp.c **** 
 133:Src/stm32f7xx_hal_msp.c ****   if(hadc->Instance==ADC3)
 192              		.loc 1 133 0
 193 0002 0268     		ldr	r2, [r0]
 194 0004 094B     		ldr	r3, .L16
 195 0006 9A42     		cmp	r2, r3
 196 0008 00D0     		beq	.L15
 197              	.LVL13:
 198              	.L12:
 199 000a 08BD     		pop	{r3, pc}
 200              	.LVL14:
 201              	.L15:
 134:Src/stm32f7xx_hal_msp.c ****   {
 135:Src/stm32f7xx_hal_msp.c ****   /* USER CODE BEGIN ADC3_MspDeInit 0 */
 136:Src/stm32f7xx_hal_msp.c **** 
 137:Src/stm32f7xx_hal_msp.c ****   /* USER CODE END ADC3_MspDeInit 0 */
 138:Src/stm32f7xx_hal_msp.c ****     /* Peripheral clock disable */
 139:Src/stm32f7xx_hal_msp.c ****     __HAL_RCC_ADC3_CLK_DISABLE();
 202              		.loc 1 139 0
 203 000c 084A     		ldr	r2, .L16+4
 204 000e 536C     		ldr	r3, [r2, #68]
 205 0010 23F48063 		bic	r3, r3, #1024
 206 0014 5364     		str	r3, [r2, #68]
 140:Src/stm32f7xx_hal_msp.c ****   
ARM GAS  C:\Users\Student\AppData\Local\Temp\ccEAU61W.s 			page 7


 141:Src/stm32f7xx_hal_msp.c ****     /**ADC3 GPIO Configuration    
 142:Src/stm32f7xx_hal_msp.c ****     PF7     ------> ADC3_IN5
 143:Src/stm32f7xx_hal_msp.c ****     PF6     ------> ADC3_IN4
 144:Src/stm32f7xx_hal_msp.c ****     PF10     ------> ADC3_IN8
 145:Src/stm32f7xx_hal_msp.c ****     PF9     ------> ADC3_IN7
 146:Src/stm32f7xx_hal_msp.c ****     PF8     ------> ADC3_IN6
 147:Src/stm32f7xx_hal_msp.c ****     PA0/WKUP     ------> ADC3_IN0 
 148:Src/stm32f7xx_hal_msp.c ****     */
 149:Src/stm32f7xx_hal_msp.c ****     HAL_GPIO_DeInit(GPIOF, ARDUINO_A4_Pin|ARDUINO_A5_Pin|ARDUINO_A1_Pin|ARDUINO_A2_Pin 
 207              		.loc 1 149 0
 208 0016 4FF4F861 		mov	r1, #1984
 209 001a 0648     		ldr	r0, .L16+8
 210              	.LVL15:
 211 001c FFF7FEFF 		bl	HAL_GPIO_DeInit
 212              	.LVL16:
 150:Src/stm32f7xx_hal_msp.c ****                           |ARDUINO_A3_Pin);
 151:Src/stm32f7xx_hal_msp.c **** 
 152:Src/stm32f7xx_hal_msp.c ****     HAL_GPIO_DeInit(GPIOA, GPIO_PIN_0);
 213              		.loc 1 152 0
 214 0020 0121     		movs	r1, #1
 215 0022 0548     		ldr	r0, .L16+12
 216 0024 FFF7FEFF 		bl	HAL_GPIO_DeInit
 217              	.LVL17:
 153:Src/stm32f7xx_hal_msp.c **** 
 154:Src/stm32f7xx_hal_msp.c ****   /* USER CODE BEGIN ADC3_MspDeInit 1 */
 155:Src/stm32f7xx_hal_msp.c **** 
 156:Src/stm32f7xx_hal_msp.c ****   /* USER CODE END ADC3_MspDeInit 1 */
 157:Src/stm32f7xx_hal_msp.c ****   }
 158:Src/stm32f7xx_hal_msp.c **** 
 159:Src/stm32f7xx_hal_msp.c **** }
 218              		.loc 1 159 0
 219 0028 EFE7     		b	.L12
 220              	.L17:
 221 002a 00BF     		.align	2
 222              	.L16:
 223 002c 00220140 		.word	1073816064
 224 0030 00380240 		.word	1073887232
 225 0034 00140240 		.word	1073878016
 226 0038 00000240 		.word	1073872896
 227              		.cfi_endproc
 228              	.LFE138:
 230              		.section	.text.HAL_CRC_MspInit,"ax",%progbits
 231              		.align	1
 232              		.global	HAL_CRC_MspInit
 233              		.syntax unified
 234              		.thumb
 235              		.thumb_func
 236              		.fpu fpv5-sp-d16
 238              	HAL_CRC_MspInit:
 239              	.LFB139:
 160:Src/stm32f7xx_hal_msp.c **** 
 161:Src/stm32f7xx_hal_msp.c **** void HAL_CRC_MspInit(CRC_HandleTypeDef* hcrc)
 162:Src/stm32f7xx_hal_msp.c **** {
 240              		.loc 1 162 0
 241              		.cfi_startproc
 242              		@ args = 0, pretend = 0, frame = 8
 243              		@ frame_needed = 0, uses_anonymous_args = 0
ARM GAS  C:\Users\Student\AppData\Local\Temp\ccEAU61W.s 			page 8


 244              		@ link register save eliminated.
 245              	.LVL18:
 163:Src/stm32f7xx_hal_msp.c **** 
 164:Src/stm32f7xx_hal_msp.c ****   if(hcrc->Instance==CRC)
 246              		.loc 1 164 0
 247 0000 0268     		ldr	r2, [r0]
 248 0002 094B     		ldr	r3, .L26
 249 0004 9A42     		cmp	r2, r3
 250 0006 00D0     		beq	.L25
 251              	.L24:
 165:Src/stm32f7xx_hal_msp.c ****   {
 166:Src/stm32f7xx_hal_msp.c ****   /* USER CODE BEGIN CRC_MspInit 0 */
 167:Src/stm32f7xx_hal_msp.c **** 
 168:Src/stm32f7xx_hal_msp.c ****   /* USER CODE END CRC_MspInit 0 */
 169:Src/stm32f7xx_hal_msp.c ****     /* Peripheral clock enable */
 170:Src/stm32f7xx_hal_msp.c ****     __HAL_RCC_CRC_CLK_ENABLE();
 171:Src/stm32f7xx_hal_msp.c ****   /* USER CODE BEGIN CRC_MspInit 1 */
 172:Src/stm32f7xx_hal_msp.c **** 
 173:Src/stm32f7xx_hal_msp.c ****   /* USER CODE END CRC_MspInit 1 */
 174:Src/stm32f7xx_hal_msp.c ****   }
 175:Src/stm32f7xx_hal_msp.c **** 
 176:Src/stm32f7xx_hal_msp.c **** }
 252              		.loc 1 176 0
 253 0008 7047     		bx	lr
 254              	.L25:
 162:Src/stm32f7xx_hal_msp.c **** 
 255              		.loc 1 162 0
 256 000a 82B0     		sub	sp, sp, #8
 257              	.LCFI5:
 258              		.cfi_def_cfa_offset 8
 259              	.LBB3:
 170:Src/stm32f7xx_hal_msp.c ****   /* USER CODE BEGIN CRC_MspInit 1 */
 260              		.loc 1 170 0
 261 000c 03F50063 		add	r3, r3, #2048
 262 0010 1A6B     		ldr	r2, [r3, #48]
 263 0012 42F48052 		orr	r2, r2, #4096
 264 0016 1A63     		str	r2, [r3, #48]
 265 0018 1B6B     		ldr	r3, [r3, #48]
 266 001a 03F48053 		and	r3, r3, #4096
 267 001e 0193     		str	r3, [sp, #4]
 268 0020 019B     		ldr	r3, [sp, #4]
 269              	.LBE3:
 270              		.loc 1 176 0
 271 0022 02B0     		add	sp, sp, #8
 272              	.LCFI6:
 273              		.cfi_def_cfa_offset 0
 274              		@ sp needed
 275 0024 F0E7     		b	.L24
 276              	.L27:
 277 0026 00BF     		.align	2
 278              	.L26:
 279 0028 00300240 		.word	1073885184
 280              		.cfi_endproc
 281              	.LFE139:
 283              		.section	.text.HAL_CRC_MspDeInit,"ax",%progbits
 284              		.align	1
 285              		.global	HAL_CRC_MspDeInit
ARM GAS  C:\Users\Student\AppData\Local\Temp\ccEAU61W.s 			page 9


 286              		.syntax unified
 287              		.thumb
 288              		.thumb_func
 289              		.fpu fpv5-sp-d16
 291              	HAL_CRC_MspDeInit:
 292              	.LFB140:
 177:Src/stm32f7xx_hal_msp.c **** 
 178:Src/stm32f7xx_hal_msp.c **** void HAL_CRC_MspDeInit(CRC_HandleTypeDef* hcrc)
 179:Src/stm32f7xx_hal_msp.c **** {
 293              		.loc 1 179 0
 294              		.cfi_startproc
 295              		@ args = 0, pretend = 0, frame = 0
 296              		@ frame_needed = 0, uses_anonymous_args = 0
 297              		@ link register save eliminated.
 298              	.LVL19:
 180:Src/stm32f7xx_hal_msp.c **** 
 181:Src/stm32f7xx_hal_msp.c ****   if(hcrc->Instance==CRC)
 299              		.loc 1 181 0
 300 0000 0268     		ldr	r2, [r0]
 301 0002 054B     		ldr	r3, .L31
 302 0004 9A42     		cmp	r2, r3
 303 0006 00D0     		beq	.L30
 304              	.L28:
 305 0008 7047     		bx	lr
 306              	.L30:
 182:Src/stm32f7xx_hal_msp.c ****   {
 183:Src/stm32f7xx_hal_msp.c ****   /* USER CODE BEGIN CRC_MspDeInit 0 */
 184:Src/stm32f7xx_hal_msp.c **** 
 185:Src/stm32f7xx_hal_msp.c ****   /* USER CODE END CRC_MspDeInit 0 */
 186:Src/stm32f7xx_hal_msp.c ****     /* Peripheral clock disable */
 187:Src/stm32f7xx_hal_msp.c ****     __HAL_RCC_CRC_CLK_DISABLE();
 307              		.loc 1 187 0
 308 000a 044A     		ldr	r2, .L31+4
 309 000c 136B     		ldr	r3, [r2, #48]
 310 000e 23F48053 		bic	r3, r3, #4096
 311 0012 1363     		str	r3, [r2, #48]
 188:Src/stm32f7xx_hal_msp.c ****   /* USER CODE BEGIN CRC_MspDeInit 1 */
 189:Src/stm32f7xx_hal_msp.c **** 
 190:Src/stm32f7xx_hal_msp.c ****   /* USER CODE END CRC_MspDeInit 1 */
 191:Src/stm32f7xx_hal_msp.c ****   }
 192:Src/stm32f7xx_hal_msp.c **** 
 193:Src/stm32f7xx_hal_msp.c **** }
 312              		.loc 1 193 0
 313 0014 F8E7     		b	.L28
 314              	.L32:
 315 0016 00BF     		.align	2
 316              	.L31:
 317 0018 00300240 		.word	1073885184
 318 001c 00380240 		.word	1073887232
 319              		.cfi_endproc
 320              	.LFE140:
 322              		.section	.text.HAL_DMA2D_MspInit,"ax",%progbits
 323              		.align	1
 324              		.global	HAL_DMA2D_MspInit
 325              		.syntax unified
 326              		.thumb
 327              		.thumb_func
ARM GAS  C:\Users\Student\AppData\Local\Temp\ccEAU61W.s 			page 10


 328              		.fpu fpv5-sp-d16
 330              	HAL_DMA2D_MspInit:
 331              	.LFB141:
 194:Src/stm32f7xx_hal_msp.c **** 
 195:Src/stm32f7xx_hal_msp.c **** void HAL_DMA2D_MspInit(DMA2D_HandleTypeDef* hdma2d)
 196:Src/stm32f7xx_hal_msp.c **** {
 332              		.loc 1 196 0
 333              		.cfi_startproc
 334              		@ args = 0, pretend = 0, frame = 8
 335              		@ frame_needed = 0, uses_anonymous_args = 0
 336              		@ link register save eliminated.
 337              	.LVL20:
 197:Src/stm32f7xx_hal_msp.c **** 
 198:Src/stm32f7xx_hal_msp.c ****   if(hdma2d->Instance==DMA2D)
 338              		.loc 1 198 0
 339 0000 0268     		ldr	r2, [r0]
 340 0002 094B     		ldr	r3, .L41
 341 0004 9A42     		cmp	r2, r3
 342 0006 00D0     		beq	.L40
 343              	.L39:
 199:Src/stm32f7xx_hal_msp.c ****   {
 200:Src/stm32f7xx_hal_msp.c ****   /* USER CODE BEGIN DMA2D_MspInit 0 */
 201:Src/stm32f7xx_hal_msp.c **** 
 202:Src/stm32f7xx_hal_msp.c ****   /* USER CODE END DMA2D_MspInit 0 */
 203:Src/stm32f7xx_hal_msp.c ****     /* Peripheral clock enable */
 204:Src/stm32f7xx_hal_msp.c ****     __HAL_RCC_DMA2D_CLK_ENABLE();
 205:Src/stm32f7xx_hal_msp.c ****   /* USER CODE BEGIN DMA2D_MspInit 1 */
 206:Src/stm32f7xx_hal_msp.c **** 
 207:Src/stm32f7xx_hal_msp.c ****   /* USER CODE END DMA2D_MspInit 1 */
 208:Src/stm32f7xx_hal_msp.c ****   }
 209:Src/stm32f7xx_hal_msp.c **** 
 210:Src/stm32f7xx_hal_msp.c **** }
 344              		.loc 1 210 0
 345 0008 7047     		bx	lr
 346              	.L40:
 196:Src/stm32f7xx_hal_msp.c **** 
 347              		.loc 1 196 0
 348 000a 82B0     		sub	sp, sp, #8
 349              	.LCFI7:
 350              		.cfi_def_cfa_offset 8
 351              	.LBB4:
 204:Src/stm32f7xx_hal_msp.c ****   /* USER CODE BEGIN DMA2D_MspInit 1 */
 352              		.loc 1 204 0
 353 000c A3F5F043 		sub	r3, r3, #30720
 354 0010 1A6B     		ldr	r2, [r3, #48]
 355 0012 42F40002 		orr	r2, r2, #8388608
 356 0016 1A63     		str	r2, [r3, #48]
 357 0018 1B6B     		ldr	r3, [r3, #48]
 358 001a 03F40003 		and	r3, r3, #8388608
 359 001e 0193     		str	r3, [sp, #4]
 360 0020 019B     		ldr	r3, [sp, #4]
 361              	.LBE4:
 362              		.loc 1 210 0
 363 0022 02B0     		add	sp, sp, #8
 364              	.LCFI8:
 365              		.cfi_def_cfa_offset 0
 366              		@ sp needed
ARM GAS  C:\Users\Student\AppData\Local\Temp\ccEAU61W.s 			page 11


 367 0024 F0E7     		b	.L39
 368              	.L42:
 369 0026 00BF     		.align	2
 370              	.L41:
 371 0028 00B00240 		.word	1073917952
 372              		.cfi_endproc
 373              	.LFE141:
 375              		.section	.text.HAL_DMA2D_MspDeInit,"ax",%progbits
 376              		.align	1
 377              		.global	HAL_DMA2D_MspDeInit
 378              		.syntax unified
 379              		.thumb
 380              		.thumb_func
 381              		.fpu fpv5-sp-d16
 383              	HAL_DMA2D_MspDeInit:
 384              	.LFB142:
 211:Src/stm32f7xx_hal_msp.c **** 
 212:Src/stm32f7xx_hal_msp.c **** void HAL_DMA2D_MspDeInit(DMA2D_HandleTypeDef* hdma2d)
 213:Src/stm32f7xx_hal_msp.c **** {
 385              		.loc 1 213 0
 386              		.cfi_startproc
 387              		@ args = 0, pretend = 0, frame = 0
 388              		@ frame_needed = 0, uses_anonymous_args = 0
 389              		@ link register save eliminated.
 390              	.LVL21:
 214:Src/stm32f7xx_hal_msp.c **** 
 215:Src/stm32f7xx_hal_msp.c ****   if(hdma2d->Instance==DMA2D)
 391              		.loc 1 215 0
 392 0000 0268     		ldr	r2, [r0]
 393 0002 054B     		ldr	r3, .L46
 394 0004 9A42     		cmp	r2, r3
 395 0006 00D0     		beq	.L45
 396              	.L43:
 397 0008 7047     		bx	lr
 398              	.L45:
 216:Src/stm32f7xx_hal_msp.c ****   {
 217:Src/stm32f7xx_hal_msp.c ****   /* USER CODE BEGIN DMA2D_MspDeInit 0 */
 218:Src/stm32f7xx_hal_msp.c **** 
 219:Src/stm32f7xx_hal_msp.c ****   /* USER CODE END DMA2D_MspDeInit 0 */
 220:Src/stm32f7xx_hal_msp.c ****     /* Peripheral clock disable */
 221:Src/stm32f7xx_hal_msp.c ****     __HAL_RCC_DMA2D_CLK_DISABLE();
 399              		.loc 1 221 0
 400 000a 044A     		ldr	r2, .L46+4
 401 000c 136B     		ldr	r3, [r2, #48]
 402 000e 23F40003 		bic	r3, r3, #8388608
 403 0012 1363     		str	r3, [r2, #48]
 222:Src/stm32f7xx_hal_msp.c ****   /* USER CODE BEGIN DMA2D_MspDeInit 1 */
 223:Src/stm32f7xx_hal_msp.c **** 
 224:Src/stm32f7xx_hal_msp.c ****   /* USER CODE END DMA2D_MspDeInit 1 */
 225:Src/stm32f7xx_hal_msp.c ****   }
 226:Src/stm32f7xx_hal_msp.c **** 
 227:Src/stm32f7xx_hal_msp.c **** }
 404              		.loc 1 227 0
 405 0014 F8E7     		b	.L43
 406              	.L47:
 407 0016 00BF     		.align	2
 408              	.L46:
ARM GAS  C:\Users\Student\AppData\Local\Temp\ccEAU61W.s 			page 12


 409 0018 00B00240 		.word	1073917952
 410 001c 00380240 		.word	1073887232
 411              		.cfi_endproc
 412              	.LFE142:
 414              		.section	.text.HAL_RNG_MspInit,"ax",%progbits
 415              		.align	1
 416              		.global	HAL_RNG_MspInit
 417              		.syntax unified
 418              		.thumb
 419              		.thumb_func
 420              		.fpu fpv5-sp-d16
 422              	HAL_RNG_MspInit:
 423              	.LFB143:
 228:Src/stm32f7xx_hal_msp.c **** 
 229:Src/stm32f7xx_hal_msp.c **** void HAL_RNG_MspInit(RNG_HandleTypeDef* hrng)
 230:Src/stm32f7xx_hal_msp.c **** {
 424              		.loc 1 230 0
 425              		.cfi_startproc
 426              		@ args = 0, pretend = 0, frame = 8
 427              		@ frame_needed = 0, uses_anonymous_args = 0
 428              		@ link register save eliminated.
 429              	.LVL22:
 231:Src/stm32f7xx_hal_msp.c **** 
 232:Src/stm32f7xx_hal_msp.c ****   if(hrng->Instance==RNG)
 430              		.loc 1 232 0
 431 0000 0268     		ldr	r2, [r0]
 432 0002 084B     		ldr	r3, .L56
 433 0004 9A42     		cmp	r2, r3
 434 0006 00D0     		beq	.L55
 435              	.L54:
 233:Src/stm32f7xx_hal_msp.c ****   {
 234:Src/stm32f7xx_hal_msp.c ****   /* USER CODE BEGIN RNG_MspInit 0 */
 235:Src/stm32f7xx_hal_msp.c **** 
 236:Src/stm32f7xx_hal_msp.c ****   /* USER CODE END RNG_MspInit 0 */
 237:Src/stm32f7xx_hal_msp.c ****     /* Peripheral clock enable */
 238:Src/stm32f7xx_hal_msp.c ****     __HAL_RCC_RNG_CLK_ENABLE();
 239:Src/stm32f7xx_hal_msp.c ****   /* USER CODE BEGIN RNG_MspInit 1 */
 240:Src/stm32f7xx_hal_msp.c **** 
 241:Src/stm32f7xx_hal_msp.c ****   /* USER CODE END RNG_MspInit 1 */
 242:Src/stm32f7xx_hal_msp.c ****   }
 243:Src/stm32f7xx_hal_msp.c **** 
 244:Src/stm32f7xx_hal_msp.c **** }
 436              		.loc 1 244 0
 437 0008 7047     		bx	lr
 438              	.L55:
 230:Src/stm32f7xx_hal_msp.c **** 
 439              		.loc 1 230 0
 440 000a 82B0     		sub	sp, sp, #8
 441              	.LCFI9:
 442              		.cfi_def_cfa_offset 8
 443              	.LBB5:
 238:Src/stm32f7xx_hal_msp.c ****   /* USER CODE BEGIN RNG_MspInit 1 */
 444              		.loc 1 238 0
 445 000c 064B     		ldr	r3, .L56+4
 446 000e 5A6B     		ldr	r2, [r3, #52]
 447 0010 42F04002 		orr	r2, r2, #64
 448 0014 5A63     		str	r2, [r3, #52]
ARM GAS  C:\Users\Student\AppData\Local\Temp\ccEAU61W.s 			page 13


 449 0016 5B6B     		ldr	r3, [r3, #52]
 450 0018 03F04003 		and	r3, r3, #64
 451 001c 0193     		str	r3, [sp, #4]
 452 001e 019B     		ldr	r3, [sp, #4]
 453              	.LBE5:
 454              		.loc 1 244 0
 455 0020 02B0     		add	sp, sp, #8
 456              	.LCFI10:
 457              		.cfi_def_cfa_offset 0
 458              		@ sp needed
 459 0022 F1E7     		b	.L54
 460              	.L57:
 461              		.align	2
 462              	.L56:
 463 0024 00080650 		.word	1342572544
 464 0028 00380240 		.word	1073887232
 465              		.cfi_endproc
 466              	.LFE143:
 468              		.section	.text.HAL_RNG_MspDeInit,"ax",%progbits
 469              		.align	1
 470              		.global	HAL_RNG_MspDeInit
 471              		.syntax unified
 472              		.thumb
 473              		.thumb_func
 474              		.fpu fpv5-sp-d16
 476              	HAL_RNG_MspDeInit:
 477              	.LFB144:
 245:Src/stm32f7xx_hal_msp.c **** 
 246:Src/stm32f7xx_hal_msp.c **** void HAL_RNG_MspDeInit(RNG_HandleTypeDef* hrng)
 247:Src/stm32f7xx_hal_msp.c **** {
 478              		.loc 1 247 0
 479              		.cfi_startproc
 480              		@ args = 0, pretend = 0, frame = 0
 481              		@ frame_needed = 0, uses_anonymous_args = 0
 482              		@ link register save eliminated.
 483              	.LVL23:
 248:Src/stm32f7xx_hal_msp.c **** 
 249:Src/stm32f7xx_hal_msp.c ****   if(hrng->Instance==RNG)
 484              		.loc 1 249 0
 485 0000 0268     		ldr	r2, [r0]
 486 0002 054B     		ldr	r3, .L61
 487 0004 9A42     		cmp	r2, r3
 488 0006 00D0     		beq	.L60
 489              	.L58:
 490 0008 7047     		bx	lr
 491              	.L60:
 250:Src/stm32f7xx_hal_msp.c ****   {
 251:Src/stm32f7xx_hal_msp.c ****   /* USER CODE BEGIN RNG_MspDeInit 0 */
 252:Src/stm32f7xx_hal_msp.c **** 
 253:Src/stm32f7xx_hal_msp.c ****   /* USER CODE END RNG_MspDeInit 0 */
 254:Src/stm32f7xx_hal_msp.c ****     /* Peripheral clock disable */
 255:Src/stm32f7xx_hal_msp.c ****     __HAL_RCC_RNG_CLK_DISABLE();
 492              		.loc 1 255 0
 493 000a 044A     		ldr	r2, .L61+4
 494 000c 536B     		ldr	r3, [r2, #52]
 495 000e 23F04003 		bic	r3, r3, #64
 496 0012 5363     		str	r3, [r2, #52]
ARM GAS  C:\Users\Student\AppData\Local\Temp\ccEAU61W.s 			page 14


 256:Src/stm32f7xx_hal_msp.c ****   /* USER CODE BEGIN RNG_MspDeInit 1 */
 257:Src/stm32f7xx_hal_msp.c **** 
 258:Src/stm32f7xx_hal_msp.c ****   /* USER CODE END RNG_MspDeInit 1 */
 259:Src/stm32f7xx_hal_msp.c ****   }
 260:Src/stm32f7xx_hal_msp.c **** 
 261:Src/stm32f7xx_hal_msp.c **** }
 497              		.loc 1 261 0
 498 0014 F8E7     		b	.L58
 499              	.L62:
 500 0016 00BF     		.align	2
 501              	.L61:
 502 0018 00080650 		.word	1342572544
 503 001c 00380240 		.word	1073887232
 504              		.cfi_endproc
 505              	.LFE144:
 507              		.section	.text.HAL_RTC_MspInit,"ax",%progbits
 508              		.align	1
 509              		.global	HAL_RTC_MspInit
 510              		.syntax unified
 511              		.thumb
 512              		.thumb_func
 513              		.fpu fpv5-sp-d16
 515              	HAL_RTC_MspInit:
 516              	.LFB145:
 262:Src/stm32f7xx_hal_msp.c **** 
 263:Src/stm32f7xx_hal_msp.c **** void HAL_RTC_MspInit(RTC_HandleTypeDef* hrtc)
 264:Src/stm32f7xx_hal_msp.c **** {
 517              		.loc 1 264 0
 518              		.cfi_startproc
 519              		@ args = 0, pretend = 0, frame = 0
 520              		@ frame_needed = 0, uses_anonymous_args = 0
 521              		@ link register save eliminated.
 522              	.LVL24:
 265:Src/stm32f7xx_hal_msp.c **** 
 266:Src/stm32f7xx_hal_msp.c ****   if(hrtc->Instance==RTC)
 523              		.loc 1 266 0
 524 0000 0268     		ldr	r2, [r0]
 525 0002 054B     		ldr	r3, .L66
 526 0004 9A42     		cmp	r2, r3
 527 0006 00D0     		beq	.L65
 528              	.L63:
 529 0008 7047     		bx	lr
 530              	.L65:
 267:Src/stm32f7xx_hal_msp.c ****   {
 268:Src/stm32f7xx_hal_msp.c ****   /* USER CODE BEGIN RTC_MspInit 0 */
 269:Src/stm32f7xx_hal_msp.c **** 
 270:Src/stm32f7xx_hal_msp.c ****   /* USER CODE END RTC_MspInit 0 */
 271:Src/stm32f7xx_hal_msp.c ****     /* Peripheral clock enable */
 272:Src/stm32f7xx_hal_msp.c ****     __HAL_RCC_RTC_ENABLE();
 531              		.loc 1 272 0
 532 000a 044A     		ldr	r2, .L66+4
 533 000c 136F     		ldr	r3, [r2, #112]
 534 000e 43F40043 		orr	r3, r3, #32768
 535 0012 1367     		str	r3, [r2, #112]
 273:Src/stm32f7xx_hal_msp.c ****   /* USER CODE BEGIN RTC_MspInit 1 */
 274:Src/stm32f7xx_hal_msp.c **** 
 275:Src/stm32f7xx_hal_msp.c ****   /* USER CODE END RTC_MspInit 1 */
ARM GAS  C:\Users\Student\AppData\Local\Temp\ccEAU61W.s 			page 15


 276:Src/stm32f7xx_hal_msp.c ****   }
 277:Src/stm32f7xx_hal_msp.c **** 
 278:Src/stm32f7xx_hal_msp.c **** }
 536              		.loc 1 278 0
 537 0014 F8E7     		b	.L63
 538              	.L67:
 539 0016 00BF     		.align	2
 540              	.L66:
 541 0018 00280040 		.word	1073752064
 542 001c 00380240 		.word	1073887232
 543              		.cfi_endproc
 544              	.LFE145:
 546              		.section	.text.HAL_RTC_MspDeInit,"ax",%progbits
 547              		.align	1
 548              		.global	HAL_RTC_MspDeInit
 549              		.syntax unified
 550              		.thumb
 551              		.thumb_func
 552              		.fpu fpv5-sp-d16
 554              	HAL_RTC_MspDeInit:
 555              	.LFB146:
 279:Src/stm32f7xx_hal_msp.c **** 
 280:Src/stm32f7xx_hal_msp.c **** void HAL_RTC_MspDeInit(RTC_HandleTypeDef* hrtc)
 281:Src/stm32f7xx_hal_msp.c **** {
 556              		.loc 1 281 0
 557              		.cfi_startproc
 558              		@ args = 0, pretend = 0, frame = 0
 559              		@ frame_needed = 0, uses_anonymous_args = 0
 560              		@ link register save eliminated.
 561              	.LVL25:
 282:Src/stm32f7xx_hal_msp.c **** 
 283:Src/stm32f7xx_hal_msp.c ****   if(hrtc->Instance==RTC)
 562              		.loc 1 283 0
 563 0000 0268     		ldr	r2, [r0]
 564 0002 054B     		ldr	r3, .L71
 565 0004 9A42     		cmp	r2, r3
 566 0006 00D0     		beq	.L70
 567              	.L68:
 568 0008 7047     		bx	lr
 569              	.L70:
 284:Src/stm32f7xx_hal_msp.c ****   {
 285:Src/stm32f7xx_hal_msp.c ****   /* USER CODE BEGIN RTC_MspDeInit 0 */
 286:Src/stm32f7xx_hal_msp.c **** 
 287:Src/stm32f7xx_hal_msp.c ****   /* USER CODE END RTC_MspDeInit 0 */
 288:Src/stm32f7xx_hal_msp.c ****     /* Peripheral clock disable */
 289:Src/stm32f7xx_hal_msp.c ****     __HAL_RCC_RTC_DISABLE();
 570              		.loc 1 289 0
 571 000a 044A     		ldr	r2, .L71+4
 572 000c 136F     		ldr	r3, [r2, #112]
 573 000e 23F40043 		bic	r3, r3, #32768
 574 0012 1367     		str	r3, [r2, #112]
 290:Src/stm32f7xx_hal_msp.c ****   /* USER CODE BEGIN RTC_MspDeInit 1 */
 291:Src/stm32f7xx_hal_msp.c **** 
 292:Src/stm32f7xx_hal_msp.c ****   /* USER CODE END RTC_MspDeInit 1 */
 293:Src/stm32f7xx_hal_msp.c ****   }
 294:Src/stm32f7xx_hal_msp.c **** 
 295:Src/stm32f7xx_hal_msp.c **** }
ARM GAS  C:\Users\Student\AppData\Local\Temp\ccEAU61W.s 			page 16


 575              		.loc 1 295 0
 576 0014 F8E7     		b	.L68
 577              	.L72:
 578 0016 00BF     		.align	2
 579              	.L71:
 580 0018 00280040 		.word	1073752064
 581 001c 00380240 		.word	1073887232
 582              		.cfi_endproc
 583              	.LFE146:
 585              		.section	.text.HAL_SD_MspInit,"ax",%progbits
 586              		.align	1
 587              		.global	HAL_SD_MspInit
 588              		.syntax unified
 589              		.thumb
 590              		.thumb_func
 591              		.fpu fpv5-sp-d16
 593              	HAL_SD_MspInit:
 594              	.LFB147:
 296:Src/stm32f7xx_hal_msp.c **** 
 297:Src/stm32f7xx_hal_msp.c **** void HAL_SD_MspInit(SD_HandleTypeDef* hsd)
 298:Src/stm32f7xx_hal_msp.c **** {
 595              		.loc 1 298 0
 596              		.cfi_startproc
 597              		@ args = 0, pretend = 0, frame = 24
 598              		@ frame_needed = 0, uses_anonymous_args = 0
 599              	.LVL26:
 299:Src/stm32f7xx_hal_msp.c **** 
 300:Src/stm32f7xx_hal_msp.c ****   GPIO_InitTypeDef GPIO_InitStruct;
 301:Src/stm32f7xx_hal_msp.c ****   if(hsd->Instance==SDMMC1)
 600              		.loc 1 301 0
 601 0000 0268     		ldr	r2, [r0]
 602 0002 164B     		ldr	r3, .L80
 603 0004 9A42     		cmp	r2, r3
 604 0006 00D0     		beq	.L79
 605 0008 7047     		bx	lr
 606              	.L79:
 298:Src/stm32f7xx_hal_msp.c **** 
 607              		.loc 1 298 0
 608 000a F0B5     		push	{r4, r5, r6, r7, lr}
 609              	.LCFI11:
 610              		.cfi_def_cfa_offset 20
 611              		.cfi_offset 4, -20
 612              		.cfi_offset 5, -16
 613              		.cfi_offset 6, -12
 614              		.cfi_offset 7, -8
 615              		.cfi_offset 14, -4
 616 000c 87B0     		sub	sp, sp, #28
 617              	.LCFI12:
 618              		.cfi_def_cfa_offset 48
 619              	.LBB6:
 302:Src/stm32f7xx_hal_msp.c ****   {
 303:Src/stm32f7xx_hal_msp.c ****   /* USER CODE BEGIN SDMMC1_MspInit 0 */
 304:Src/stm32f7xx_hal_msp.c **** 
 305:Src/stm32f7xx_hal_msp.c ****   /* USER CODE END SDMMC1_MspInit 0 */
 306:Src/stm32f7xx_hal_msp.c ****     /* Peripheral clock enable */
 307:Src/stm32f7xx_hal_msp.c ****     __HAL_RCC_SDMMC1_CLK_ENABLE();
 620              		.loc 1 307 0
ARM GAS  C:\Users\Student\AppData\Local\Temp\ccEAU61W.s 			page 17


 621 000e 03F58633 		add	r3, r3, #68608
 622 0012 5A6C     		ldr	r2, [r3, #68]
 623 0014 42F40062 		orr	r2, r2, #2048
 624 0018 5A64     		str	r2, [r3, #68]
 625 001a 5B6C     		ldr	r3, [r3, #68]
 626 001c 03F40063 		and	r3, r3, #2048
 627 0020 0093     		str	r3, [sp]
 628 0022 009B     		ldr	r3, [sp]
 629              	.LBE6:
 308:Src/stm32f7xx_hal_msp.c ****   
 309:Src/stm32f7xx_hal_msp.c ****     /**SDMMC1 GPIO Configuration    
 310:Src/stm32f7xx_hal_msp.c ****     PC12     ------> SDMMC1_CK
 311:Src/stm32f7xx_hal_msp.c ****     PC11     ------> SDMMC1_D3
 312:Src/stm32f7xx_hal_msp.c ****     PC10     ------> SDMMC1_D2
 313:Src/stm32f7xx_hal_msp.c ****     PD2     ------> SDMMC1_CMD
 314:Src/stm32f7xx_hal_msp.c ****     PC9     ------> SDMMC1_D1
 315:Src/stm32f7xx_hal_msp.c ****     PC8     ------> SDMMC1_D0 
 316:Src/stm32f7xx_hal_msp.c ****     */
 317:Src/stm32f7xx_hal_msp.c ****     GPIO_InitStruct.Pin = SDMMC_CK_Pin|SDMMC_D3_Pin|SDMMC_D2_Pin|GPIO_PIN_9 
 630              		.loc 1 317 0
 631 0024 4FF4F853 		mov	r3, #7936
 632 0028 0193     		str	r3, [sp, #4]
 318:Src/stm32f7xx_hal_msp.c ****                           |GPIO_PIN_8;
 319:Src/stm32f7xx_hal_msp.c ****     GPIO_InitStruct.Mode = GPIO_MODE_AF_PP;
 633              		.loc 1 319 0
 634 002a 0227     		movs	r7, #2
 635 002c 0297     		str	r7, [sp, #8]
 320:Src/stm32f7xx_hal_msp.c ****     GPIO_InitStruct.Pull = GPIO_NOPULL;
 636              		.loc 1 320 0
 637 002e 0026     		movs	r6, #0
 638 0030 0396     		str	r6, [sp, #12]
 321:Src/stm32f7xx_hal_msp.c ****     GPIO_InitStruct.Speed = GPIO_SPEED_FREQ_VERY_HIGH;
 639              		.loc 1 321 0
 640 0032 0325     		movs	r5, #3
 641 0034 0495     		str	r5, [sp, #16]
 322:Src/stm32f7xx_hal_msp.c ****     GPIO_InitStruct.Alternate = GPIO_AF12_SDMMC1;
 642              		.loc 1 322 0
 643 0036 0C24     		movs	r4, #12
 644 0038 0594     		str	r4, [sp, #20]
 323:Src/stm32f7xx_hal_msp.c ****     HAL_GPIO_Init(GPIOC, &GPIO_InitStruct);
 645              		.loc 1 323 0
 646 003a 01A9     		add	r1, sp, #4
 647 003c 0848     		ldr	r0, .L80+4
 648              	.LVL27:
 649 003e FFF7FEFF 		bl	HAL_GPIO_Init
 650              	.LVL28:
 324:Src/stm32f7xx_hal_msp.c **** 
 325:Src/stm32f7xx_hal_msp.c ****     GPIO_InitStruct.Pin = SDMMC_D0_Pin;
 651              		.loc 1 325 0
 652 0042 0423     		movs	r3, #4
 653 0044 0193     		str	r3, [sp, #4]
 326:Src/stm32f7xx_hal_msp.c ****     GPIO_InitStruct.Mode = GPIO_MODE_AF_PP;
 654              		.loc 1 326 0
 655 0046 0297     		str	r7, [sp, #8]
 327:Src/stm32f7xx_hal_msp.c ****     GPIO_InitStruct.Pull = GPIO_NOPULL;
 656              		.loc 1 327 0
 657 0048 0396     		str	r6, [sp, #12]
ARM GAS  C:\Users\Student\AppData\Local\Temp\ccEAU61W.s 			page 18


 328:Src/stm32f7xx_hal_msp.c ****     GPIO_InitStruct.Speed = GPIO_SPEED_FREQ_VERY_HIGH;
 658              		.loc 1 328 0
 659 004a 0495     		str	r5, [sp, #16]
 329:Src/stm32f7xx_hal_msp.c ****     GPIO_InitStruct.Alternate = GPIO_AF12_SDMMC1;
 660              		.loc 1 329 0
 661 004c 0594     		str	r4, [sp, #20]
 330:Src/stm32f7xx_hal_msp.c ****     HAL_GPIO_Init(SDMMC_D0_GPIO_Port, &GPIO_InitStruct);
 662              		.loc 1 330 0
 663 004e 0DEB0301 		add	r1, sp, r3
 664 0052 0448     		ldr	r0, .L80+8
 665 0054 FFF7FEFF 		bl	HAL_GPIO_Init
 666              	.LVL29:
 331:Src/stm32f7xx_hal_msp.c **** 
 332:Src/stm32f7xx_hal_msp.c ****   /* USER CODE BEGIN SDMMC1_MspInit 1 */
 333:Src/stm32f7xx_hal_msp.c **** 
 334:Src/stm32f7xx_hal_msp.c ****   /* USER CODE END SDMMC1_MspInit 1 */
 335:Src/stm32f7xx_hal_msp.c ****   }
 336:Src/stm32f7xx_hal_msp.c **** 
 337:Src/stm32f7xx_hal_msp.c **** }
 667              		.loc 1 337 0
 668 0058 07B0     		add	sp, sp, #28
 669              	.LCFI13:
 670              		.cfi_def_cfa_offset 20
 671              		@ sp needed
 672 005a F0BD     		pop	{r4, r5, r6, r7, pc}
 673              	.L81:
 674              		.align	2
 675              	.L80:
 676 005c 002C0140 		.word	1073818624
 677 0060 00080240 		.word	1073874944
 678 0064 000C0240 		.word	1073875968
 679              		.cfi_endproc
 680              	.LFE147:
 682              		.section	.text.HAL_SD_MspDeInit,"ax",%progbits
 683              		.align	1
 684              		.global	HAL_SD_MspDeInit
 685              		.syntax unified
 686              		.thumb
 687              		.thumb_func
 688              		.fpu fpv5-sp-d16
 690              	HAL_SD_MspDeInit:
 691              	.LFB148:
 338:Src/stm32f7xx_hal_msp.c **** 
 339:Src/stm32f7xx_hal_msp.c **** void HAL_SD_MspDeInit(SD_HandleTypeDef* hsd)
 340:Src/stm32f7xx_hal_msp.c **** {
 692              		.loc 1 340 0
 693              		.cfi_startproc
 694              		@ args = 0, pretend = 0, frame = 0
 695              		@ frame_needed = 0, uses_anonymous_args = 0
 696              	.LVL30:
 697 0000 08B5     		push	{r3, lr}
 698              	.LCFI14:
 699              		.cfi_def_cfa_offset 8
 700              		.cfi_offset 3, -8
 701              		.cfi_offset 14, -4
 341:Src/stm32f7xx_hal_msp.c **** 
 342:Src/stm32f7xx_hal_msp.c ****   if(hsd->Instance==SDMMC1)
ARM GAS  C:\Users\Student\AppData\Local\Temp\ccEAU61W.s 			page 19


 702              		.loc 1 342 0
 703 0002 0268     		ldr	r2, [r0]
 704 0004 094B     		ldr	r3, .L86
 705 0006 9A42     		cmp	r2, r3
 706 0008 00D0     		beq	.L85
 707              	.LVL31:
 708              	.L82:
 709 000a 08BD     		pop	{r3, pc}
 710              	.LVL32:
 711              	.L85:
 343:Src/stm32f7xx_hal_msp.c ****   {
 344:Src/stm32f7xx_hal_msp.c ****   /* USER CODE BEGIN SDMMC1_MspDeInit 0 */
 345:Src/stm32f7xx_hal_msp.c **** 
 346:Src/stm32f7xx_hal_msp.c ****   /* USER CODE END SDMMC1_MspDeInit 0 */
 347:Src/stm32f7xx_hal_msp.c ****     /* Peripheral clock disable */
 348:Src/stm32f7xx_hal_msp.c ****     __HAL_RCC_SDMMC1_CLK_DISABLE();
 712              		.loc 1 348 0
 713 000c 084A     		ldr	r2, .L86+4
 714 000e 536C     		ldr	r3, [r2, #68]
 715 0010 23F40063 		bic	r3, r3, #2048
 716 0014 5364     		str	r3, [r2, #68]
 349:Src/stm32f7xx_hal_msp.c ****   
 350:Src/stm32f7xx_hal_msp.c ****     /**SDMMC1 GPIO Configuration    
 351:Src/stm32f7xx_hal_msp.c ****     PC12     ------> SDMMC1_CK
 352:Src/stm32f7xx_hal_msp.c ****     PC11     ------> SDMMC1_D3
 353:Src/stm32f7xx_hal_msp.c ****     PC10     ------> SDMMC1_D2
 354:Src/stm32f7xx_hal_msp.c ****     PD2     ------> SDMMC1_CMD
 355:Src/stm32f7xx_hal_msp.c ****     PC9     ------> SDMMC1_D1
 356:Src/stm32f7xx_hal_msp.c ****     PC8     ------> SDMMC1_D0 
 357:Src/stm32f7xx_hal_msp.c ****     */
 358:Src/stm32f7xx_hal_msp.c ****     HAL_GPIO_DeInit(GPIOC, SDMMC_CK_Pin|SDMMC_D3_Pin|SDMMC_D2_Pin|GPIO_PIN_9 
 717              		.loc 1 358 0
 718 0016 4FF4F851 		mov	r1, #7936
 719 001a 0648     		ldr	r0, .L86+8
 720              	.LVL33:
 721 001c FFF7FEFF 		bl	HAL_GPIO_DeInit
 722              	.LVL34:
 359:Src/stm32f7xx_hal_msp.c ****                           |GPIO_PIN_8);
 360:Src/stm32f7xx_hal_msp.c **** 
 361:Src/stm32f7xx_hal_msp.c ****     HAL_GPIO_DeInit(SDMMC_D0_GPIO_Port, SDMMC_D0_Pin);
 723              		.loc 1 361 0
 724 0020 0421     		movs	r1, #4
 725 0022 0548     		ldr	r0, .L86+12
 726 0024 FFF7FEFF 		bl	HAL_GPIO_DeInit
 727              	.LVL35:
 362:Src/stm32f7xx_hal_msp.c **** 
 363:Src/stm32f7xx_hal_msp.c ****   /* USER CODE BEGIN SDMMC1_MspDeInit 1 */
 364:Src/stm32f7xx_hal_msp.c **** 
 365:Src/stm32f7xx_hal_msp.c ****   /* USER CODE END SDMMC1_MspDeInit 1 */
 366:Src/stm32f7xx_hal_msp.c ****   }
 367:Src/stm32f7xx_hal_msp.c **** 
 368:Src/stm32f7xx_hal_msp.c **** }
 728              		.loc 1 368 0
 729 0028 EFE7     		b	.L82
 730              	.L87:
 731 002a 00BF     		.align	2
 732              	.L86:
ARM GAS  C:\Users\Student\AppData\Local\Temp\ccEAU61W.s 			page 20


 733 002c 002C0140 		.word	1073818624
 734 0030 00380240 		.word	1073887232
 735 0034 00080240 		.word	1073874944
 736 0038 000C0240 		.word	1073875968
 737              		.cfi_endproc
 738              	.LFE148:
 740              		.section	.text.HAL_TIM_Base_MspInit,"ax",%progbits
 741              		.align	1
 742              		.global	HAL_TIM_Base_MspInit
 743              		.syntax unified
 744              		.thumb
 745              		.thumb_func
 746              		.fpu fpv5-sp-d16
 748              	HAL_TIM_Base_MspInit:
 749              	.LFB149:
 369:Src/stm32f7xx_hal_msp.c **** 
 370:Src/stm32f7xx_hal_msp.c **** void HAL_TIM_Base_MspInit(TIM_HandleTypeDef* htim_base)
 371:Src/stm32f7xx_hal_msp.c **** {
 750              		.loc 1 371 0
 751              		.cfi_startproc
 752              		@ args = 0, pretend = 0, frame = 8
 753              		@ frame_needed = 0, uses_anonymous_args = 0
 754              		@ link register save eliminated.
 755              	.LVL36:
 372:Src/stm32f7xx_hal_msp.c **** 
 373:Src/stm32f7xx_hal_msp.c ****   if(htim_base->Instance==TIM10)
 756              		.loc 1 373 0
 757 0000 0268     		ldr	r2, [r0]
 758 0002 094B     		ldr	r3, .L96
 759 0004 9A42     		cmp	r2, r3
 760 0006 00D0     		beq	.L95
 761              	.L94:
 374:Src/stm32f7xx_hal_msp.c ****   {
 375:Src/stm32f7xx_hal_msp.c ****   /* USER CODE BEGIN TIM10_MspInit 0 */
 376:Src/stm32f7xx_hal_msp.c **** 
 377:Src/stm32f7xx_hal_msp.c ****   /* USER CODE END TIM10_MspInit 0 */
 378:Src/stm32f7xx_hal_msp.c ****     /* Peripheral clock enable */
 379:Src/stm32f7xx_hal_msp.c ****     __HAL_RCC_TIM10_CLK_ENABLE();
 380:Src/stm32f7xx_hal_msp.c ****   /* USER CODE BEGIN TIM10_MspInit 1 */
 381:Src/stm32f7xx_hal_msp.c **** 
 382:Src/stm32f7xx_hal_msp.c ****   /* USER CODE END TIM10_MspInit 1 */
 383:Src/stm32f7xx_hal_msp.c ****   }
 384:Src/stm32f7xx_hal_msp.c **** 
 385:Src/stm32f7xx_hal_msp.c **** }
 762              		.loc 1 385 0
 763 0008 7047     		bx	lr
 764              	.L95:
 371:Src/stm32f7xx_hal_msp.c **** 
 765              		.loc 1 371 0
 766 000a 82B0     		sub	sp, sp, #8
 767              	.LCFI15:
 768              		.cfi_def_cfa_offset 8
 769              	.LBB7:
 379:Src/stm32f7xx_hal_msp.c ****   /* USER CODE BEGIN TIM10_MspInit 1 */
 770              		.loc 1 379 0
 771 000c 03F57443 		add	r3, r3, #62464
 772 0010 5A6C     		ldr	r2, [r3, #68]
ARM GAS  C:\Users\Student\AppData\Local\Temp\ccEAU61W.s 			page 21


 773 0012 42F40032 		orr	r2, r2, #131072
 774 0016 5A64     		str	r2, [r3, #68]
 775 0018 5B6C     		ldr	r3, [r3, #68]
 776 001a 03F40033 		and	r3, r3, #131072
 777 001e 0193     		str	r3, [sp, #4]
 778 0020 019B     		ldr	r3, [sp, #4]
 779              	.LBE7:
 780              		.loc 1 385 0
 781 0022 02B0     		add	sp, sp, #8
 782              	.LCFI16:
 783              		.cfi_def_cfa_offset 0
 784              		@ sp needed
 785 0024 F0E7     		b	.L94
 786              	.L97:
 787 0026 00BF     		.align	2
 788              	.L96:
 789 0028 00440140 		.word	1073824768
 790              		.cfi_endproc
 791              	.LFE149:
 793              		.section	.text.HAL_TIM_Base_MspDeInit,"ax",%progbits
 794              		.align	1
 795              		.global	HAL_TIM_Base_MspDeInit
 796              		.syntax unified
 797              		.thumb
 798              		.thumb_func
 799              		.fpu fpv5-sp-d16
 801              	HAL_TIM_Base_MspDeInit:
 802              	.LFB150:
 386:Src/stm32f7xx_hal_msp.c **** 
 387:Src/stm32f7xx_hal_msp.c **** void HAL_TIM_Base_MspDeInit(TIM_HandleTypeDef* htim_base)
 388:Src/stm32f7xx_hal_msp.c **** {
 803              		.loc 1 388 0
 804              		.cfi_startproc
 805              		@ args = 0, pretend = 0, frame = 0
 806              		@ frame_needed = 0, uses_anonymous_args = 0
 807              		@ link register save eliminated.
 808              	.LVL37:
 389:Src/stm32f7xx_hal_msp.c **** 
 390:Src/stm32f7xx_hal_msp.c ****   if(htim_base->Instance==TIM10)
 809              		.loc 1 390 0
 810 0000 0268     		ldr	r2, [r0]
 811 0002 054B     		ldr	r3, .L101
 812 0004 9A42     		cmp	r2, r3
 813 0006 00D0     		beq	.L100
 814              	.L98:
 815 0008 7047     		bx	lr
 816              	.L100:
 391:Src/stm32f7xx_hal_msp.c ****   {
 392:Src/stm32f7xx_hal_msp.c ****   /* USER CODE BEGIN TIM10_MspDeInit 0 */
 393:Src/stm32f7xx_hal_msp.c **** 
 394:Src/stm32f7xx_hal_msp.c ****   /* USER CODE END TIM10_MspDeInit 0 */
 395:Src/stm32f7xx_hal_msp.c ****     /* Peripheral clock disable */
 396:Src/stm32f7xx_hal_msp.c ****     __HAL_RCC_TIM10_CLK_DISABLE();
 817              		.loc 1 396 0
 818 000a 044A     		ldr	r2, .L101+4
 819 000c 536C     		ldr	r3, [r2, #68]
 820 000e 23F40033 		bic	r3, r3, #131072
ARM GAS  C:\Users\Student\AppData\Local\Temp\ccEAU61W.s 			page 22


 821 0012 5364     		str	r3, [r2, #68]
 397:Src/stm32f7xx_hal_msp.c ****   /* USER CODE BEGIN TIM10_MspDeInit 1 */
 398:Src/stm32f7xx_hal_msp.c **** 
 399:Src/stm32f7xx_hal_msp.c ****   /* USER CODE END TIM10_MspDeInit 1 */
 400:Src/stm32f7xx_hal_msp.c ****   }
 401:Src/stm32f7xx_hal_msp.c **** 
 402:Src/stm32f7xx_hal_msp.c **** }
 822              		.loc 1 402 0
 823 0014 F8E7     		b	.L98
 824              	.L102:
 825 0016 00BF     		.align	2
 826              	.L101:
 827 0018 00440140 		.word	1073824768
 828 001c 00380240 		.word	1073887232
 829              		.cfi_endproc
 830              	.LFE150:
 832              		.section	.text.HAL_UART_MspInit,"ax",%progbits
 833              		.align	1
 834              		.global	HAL_UART_MspInit
 835              		.syntax unified
 836              		.thumb
 837              		.thumb_func
 838              		.fpu fpv5-sp-d16
 840              	HAL_UART_MspInit:
 841              	.LFB151:
 403:Src/stm32f7xx_hal_msp.c **** 
 404:Src/stm32f7xx_hal_msp.c **** void HAL_UART_MspInit(UART_HandleTypeDef* huart)
 405:Src/stm32f7xx_hal_msp.c **** {
 842              		.loc 1 405 0
 843              		.cfi_startproc
 844              		@ args = 0, pretend = 0, frame = 32
 845              		@ frame_needed = 0, uses_anonymous_args = 0
 846              	.LVL38:
 847 0000 F0B5     		push	{r4, r5, r6, r7, lr}
 848              	.LCFI17:
 849              		.cfi_def_cfa_offset 20
 850              		.cfi_offset 4, -20
 851              		.cfi_offset 5, -16
 852              		.cfi_offset 6, -12
 853              		.cfi_offset 7, -8
 854              		.cfi_offset 14, -4
 855 0002 89B0     		sub	sp, sp, #36
 856              	.LCFI18:
 857              		.cfi_def_cfa_offset 56
 858 0004 0446     		mov	r4, r0
 406:Src/stm32f7xx_hal_msp.c **** 
 407:Src/stm32f7xx_hal_msp.c ****   GPIO_InitTypeDef GPIO_InitStruct;
 408:Src/stm32f7xx_hal_msp.c ****   if(huart->Instance==USART1)
 859              		.loc 1 408 0
 860 0006 0368     		ldr	r3, [r0]
 861 0008 454A     		ldr	r2, .L113
 862 000a 9342     		cmp	r3, r2
 863 000c 04D0     		beq	.L109
 409:Src/stm32f7xx_hal_msp.c ****   {
 410:Src/stm32f7xx_hal_msp.c ****   /* USER CODE BEGIN USART1_MspInit 0 */
 411:Src/stm32f7xx_hal_msp.c **** 
 412:Src/stm32f7xx_hal_msp.c ****   /* USER CODE END USART1_MspInit 0 */
ARM GAS  C:\Users\Student\AppData\Local\Temp\ccEAU61W.s 			page 23


 413:Src/stm32f7xx_hal_msp.c ****     /* Peripheral clock enable */
 414:Src/stm32f7xx_hal_msp.c ****     __HAL_RCC_USART1_CLK_ENABLE();
 415:Src/stm32f7xx_hal_msp.c ****   
 416:Src/stm32f7xx_hal_msp.c ****     /**USART1 GPIO Configuration    
 417:Src/stm32f7xx_hal_msp.c ****     PB7     ------> USART1_RX
 418:Src/stm32f7xx_hal_msp.c ****     PA9     ------> USART1_TX 
 419:Src/stm32f7xx_hal_msp.c ****     */
 420:Src/stm32f7xx_hal_msp.c ****     GPIO_InitStruct.Pin = VCP_RX_Pin;
 421:Src/stm32f7xx_hal_msp.c ****     GPIO_InitStruct.Mode = GPIO_MODE_AF_PP;
 422:Src/stm32f7xx_hal_msp.c ****     GPIO_InitStruct.Pull = GPIO_NOPULL;
 423:Src/stm32f7xx_hal_msp.c ****     GPIO_InitStruct.Speed = GPIO_SPEED_FREQ_LOW;
 424:Src/stm32f7xx_hal_msp.c ****     GPIO_InitStruct.Alternate = GPIO_AF7_USART1;
 425:Src/stm32f7xx_hal_msp.c ****     HAL_GPIO_Init(VCP_RX_GPIO_Port, &GPIO_InitStruct);
 426:Src/stm32f7xx_hal_msp.c **** 
 427:Src/stm32f7xx_hal_msp.c ****     GPIO_InitStruct.Pin = VCP_TX_Pin;
 428:Src/stm32f7xx_hal_msp.c ****     GPIO_InitStruct.Mode = GPIO_MODE_AF_PP;
 429:Src/stm32f7xx_hal_msp.c ****     GPIO_InitStruct.Pull = GPIO_NOPULL;
 430:Src/stm32f7xx_hal_msp.c ****     GPIO_InitStruct.Speed = GPIO_SPEED_FREQ_LOW;
 431:Src/stm32f7xx_hal_msp.c ****     GPIO_InitStruct.Alternate = GPIO_AF7_USART1;
 432:Src/stm32f7xx_hal_msp.c ****     HAL_GPIO_Init(VCP_TX_GPIO_Port, &GPIO_InitStruct);
 433:Src/stm32f7xx_hal_msp.c **** 
 434:Src/stm32f7xx_hal_msp.c ****     /* USART1 DMA Init */
 435:Src/stm32f7xx_hal_msp.c ****     /* USART1_RX Init */
 436:Src/stm32f7xx_hal_msp.c ****     hdma_usart1_rx.Instance = DMA2_Stream2;
 437:Src/stm32f7xx_hal_msp.c ****     hdma_usart1_rx.Init.Channel = DMA_CHANNEL_4;
 438:Src/stm32f7xx_hal_msp.c ****     hdma_usart1_rx.Init.Direction = DMA_PERIPH_TO_MEMORY;
 439:Src/stm32f7xx_hal_msp.c ****     hdma_usart1_rx.Init.PeriphInc = DMA_PINC_DISABLE;
 440:Src/stm32f7xx_hal_msp.c ****     hdma_usart1_rx.Init.MemInc = DMA_MINC_ENABLE;
 441:Src/stm32f7xx_hal_msp.c ****     hdma_usart1_rx.Init.PeriphDataAlignment = DMA_PDATAALIGN_BYTE;
 442:Src/stm32f7xx_hal_msp.c ****     hdma_usart1_rx.Init.MemDataAlignment = DMA_MDATAALIGN_BYTE;
 443:Src/stm32f7xx_hal_msp.c ****     hdma_usart1_rx.Init.Mode = DMA_NORMAL;
 444:Src/stm32f7xx_hal_msp.c ****     hdma_usart1_rx.Init.Priority = DMA_PRIORITY_LOW;
 445:Src/stm32f7xx_hal_msp.c ****     hdma_usart1_rx.Init.FIFOMode = DMA_FIFOMODE_DISABLE;
 446:Src/stm32f7xx_hal_msp.c ****     if (HAL_DMA_Init(&hdma_usart1_rx) != HAL_OK)
 447:Src/stm32f7xx_hal_msp.c ****     {
 448:Src/stm32f7xx_hal_msp.c ****       _Error_Handler(__FILE__, __LINE__);
 449:Src/stm32f7xx_hal_msp.c ****     }
 450:Src/stm32f7xx_hal_msp.c **** 
 451:Src/stm32f7xx_hal_msp.c ****     __HAL_LINKDMA(huart,hdmarx,hdma_usart1_rx);
 452:Src/stm32f7xx_hal_msp.c **** 
 453:Src/stm32f7xx_hal_msp.c ****     /* USART1 interrupt Init */
 454:Src/stm32f7xx_hal_msp.c ****     HAL_NVIC_SetPriority(USART1_IRQn, 5, 0);
 455:Src/stm32f7xx_hal_msp.c ****     HAL_NVIC_EnableIRQ(USART1_IRQn);
 456:Src/stm32f7xx_hal_msp.c ****   /* USER CODE BEGIN USART1_MspInit 1 */
 457:Src/stm32f7xx_hal_msp.c **** 
 458:Src/stm32f7xx_hal_msp.c ****   /* USER CODE END USART1_MspInit 1 */
 459:Src/stm32f7xx_hal_msp.c ****   }
 460:Src/stm32f7xx_hal_msp.c ****   else if(huart->Instance==USART6)
 864              		.loc 1 460 0
 865 000e 454A     		ldr	r2, .L113+4
 866 0010 9342     		cmp	r3, r2
 867 0012 48D0     		beq	.L110
 868              	.LVL39:
 869              	.L103:
 461:Src/stm32f7xx_hal_msp.c ****   {
 462:Src/stm32f7xx_hal_msp.c ****   /* USER CODE BEGIN USART6_MspInit 0 */
 463:Src/stm32f7xx_hal_msp.c **** 
ARM GAS  C:\Users\Student\AppData\Local\Temp\ccEAU61W.s 			page 24


 464:Src/stm32f7xx_hal_msp.c ****   /* USER CODE END USART6_MspInit 0 */
 465:Src/stm32f7xx_hal_msp.c ****     /* Peripheral clock enable */
 466:Src/stm32f7xx_hal_msp.c ****     __HAL_RCC_USART6_CLK_ENABLE();
 467:Src/stm32f7xx_hal_msp.c ****   
 468:Src/stm32f7xx_hal_msp.c ****     /**USART6 GPIO Configuration    
 469:Src/stm32f7xx_hal_msp.c ****     PC7     ------> USART6_RX
 470:Src/stm32f7xx_hal_msp.c ****     PC6     ------> USART6_TX 
 471:Src/stm32f7xx_hal_msp.c ****     */
 472:Src/stm32f7xx_hal_msp.c ****     GPIO_InitStruct.Pin = ARDUINO_RX_D0_Pin|ARDUINO_TX_D1_Pin;
 473:Src/stm32f7xx_hal_msp.c ****     GPIO_InitStruct.Mode = GPIO_MODE_AF_PP;
 474:Src/stm32f7xx_hal_msp.c ****     GPIO_InitStruct.Pull = GPIO_NOPULL;
 475:Src/stm32f7xx_hal_msp.c ****     GPIO_InitStruct.Speed = GPIO_SPEED_FREQ_VERY_HIGH;
 476:Src/stm32f7xx_hal_msp.c ****     GPIO_InitStruct.Alternate = GPIO_AF8_USART6;
 477:Src/stm32f7xx_hal_msp.c ****     HAL_GPIO_Init(GPIOC, &GPIO_InitStruct);
 478:Src/stm32f7xx_hal_msp.c **** 
 479:Src/stm32f7xx_hal_msp.c ****     /* USART6 DMA Init */
 480:Src/stm32f7xx_hal_msp.c ****     /* USART6_RX Init */
 481:Src/stm32f7xx_hal_msp.c ****     hdma_usart6_rx.Instance = DMA2_Stream1;
 482:Src/stm32f7xx_hal_msp.c ****     hdma_usart6_rx.Init.Channel = DMA_CHANNEL_5;
 483:Src/stm32f7xx_hal_msp.c ****     hdma_usart6_rx.Init.Direction = DMA_PERIPH_TO_MEMORY;
 484:Src/stm32f7xx_hal_msp.c ****     hdma_usart6_rx.Init.PeriphInc = DMA_PINC_DISABLE;
 485:Src/stm32f7xx_hal_msp.c ****     hdma_usart6_rx.Init.MemInc = DMA_MINC_ENABLE;
 486:Src/stm32f7xx_hal_msp.c ****     hdma_usart6_rx.Init.PeriphDataAlignment = DMA_PDATAALIGN_BYTE;
 487:Src/stm32f7xx_hal_msp.c ****     hdma_usart6_rx.Init.MemDataAlignment = DMA_MDATAALIGN_BYTE;
 488:Src/stm32f7xx_hal_msp.c ****     hdma_usart6_rx.Init.Mode = DMA_NORMAL;
 489:Src/stm32f7xx_hal_msp.c ****     hdma_usart6_rx.Init.Priority = DMA_PRIORITY_LOW;
 490:Src/stm32f7xx_hal_msp.c ****     hdma_usart6_rx.Init.FIFOMode = DMA_FIFOMODE_DISABLE;
 491:Src/stm32f7xx_hal_msp.c ****     if (HAL_DMA_Init(&hdma_usart6_rx) != HAL_OK)
 492:Src/stm32f7xx_hal_msp.c ****     {
 493:Src/stm32f7xx_hal_msp.c ****       _Error_Handler(__FILE__, __LINE__);
 494:Src/stm32f7xx_hal_msp.c ****     }
 495:Src/stm32f7xx_hal_msp.c **** 
 496:Src/stm32f7xx_hal_msp.c ****     __HAL_LINKDMA(huart,hdmarx,hdma_usart6_rx);
 497:Src/stm32f7xx_hal_msp.c **** 
 498:Src/stm32f7xx_hal_msp.c ****     /* USART6 interrupt Init */
 499:Src/stm32f7xx_hal_msp.c ****     HAL_NVIC_SetPriority(USART6_IRQn, 5, 0);
 500:Src/stm32f7xx_hal_msp.c ****     HAL_NVIC_EnableIRQ(USART6_IRQn);
 501:Src/stm32f7xx_hal_msp.c ****   /* USER CODE BEGIN USART6_MspInit 1 */
 502:Src/stm32f7xx_hal_msp.c **** 
 503:Src/stm32f7xx_hal_msp.c ****   /* USER CODE END USART6_MspInit 1 */
 504:Src/stm32f7xx_hal_msp.c ****   }
 505:Src/stm32f7xx_hal_msp.c **** 
 506:Src/stm32f7xx_hal_msp.c **** }
 870              		.loc 1 506 0
 871 0014 09B0     		add	sp, sp, #36
 872              	.LCFI19:
 873              		.cfi_remember_state
 874              		.cfi_def_cfa_offset 20
 875              		@ sp needed
 876 0016 F0BD     		pop	{r4, r5, r6, r7, pc}
 877              	.LVL40:
 878              	.L109:
 879              	.LCFI20:
 880              		.cfi_restore_state
 881              	.LBB8:
 414:Src/stm32f7xx_hal_msp.c ****   
 882              		.loc 1 414 0
ARM GAS  C:\Users\Student\AppData\Local\Temp\ccEAU61W.s 			page 25


 883 0018 434B     		ldr	r3, .L113+8
 884 001a 5A6C     		ldr	r2, [r3, #68]
 885 001c 42F01002 		orr	r2, r2, #16
 886 0020 5A64     		str	r2, [r3, #68]
 887 0022 5B6C     		ldr	r3, [r3, #68]
 888 0024 03F01003 		and	r3, r3, #16
 889 0028 0193     		str	r3, [sp, #4]
 890 002a 019B     		ldr	r3, [sp, #4]
 891              	.LBE8:
 420:Src/stm32f7xx_hal_msp.c ****     GPIO_InitStruct.Mode = GPIO_MODE_AF_PP;
 892              		.loc 1 420 0
 893 002c 8023     		movs	r3, #128
 894 002e 0393     		str	r3, [sp, #12]
 421:Src/stm32f7xx_hal_msp.c ****     GPIO_InitStruct.Pull = GPIO_NOPULL;
 895              		.loc 1 421 0
 896 0030 0227     		movs	r7, #2
 897 0032 0497     		str	r7, [sp, #16]
 422:Src/stm32f7xx_hal_msp.c ****     GPIO_InitStruct.Speed = GPIO_SPEED_FREQ_LOW;
 898              		.loc 1 422 0
 899 0034 0025     		movs	r5, #0
 900 0036 0595     		str	r5, [sp, #20]
 423:Src/stm32f7xx_hal_msp.c ****     GPIO_InitStruct.Alternate = GPIO_AF7_USART1;
 901              		.loc 1 423 0
 902 0038 0695     		str	r5, [sp, #24]
 424:Src/stm32f7xx_hal_msp.c ****     HAL_GPIO_Init(VCP_RX_GPIO_Port, &GPIO_InitStruct);
 903              		.loc 1 424 0
 904 003a 0726     		movs	r6, #7
 905 003c 0796     		str	r6, [sp, #28]
 425:Src/stm32f7xx_hal_msp.c **** 
 906              		.loc 1 425 0
 907 003e 03A9     		add	r1, sp, #12
 908 0040 3A48     		ldr	r0, .L113+12
 909              	.LVL41:
 910 0042 FFF7FEFF 		bl	HAL_GPIO_Init
 911              	.LVL42:
 427:Src/stm32f7xx_hal_msp.c ****     GPIO_InitStruct.Mode = GPIO_MODE_AF_PP;
 912              		.loc 1 427 0
 913 0046 4FF40073 		mov	r3, #512
 914 004a 0393     		str	r3, [sp, #12]
 428:Src/stm32f7xx_hal_msp.c ****     GPIO_InitStruct.Pull = GPIO_NOPULL;
 915              		.loc 1 428 0
 916 004c 0497     		str	r7, [sp, #16]
 429:Src/stm32f7xx_hal_msp.c ****     GPIO_InitStruct.Speed = GPIO_SPEED_FREQ_LOW;
 917              		.loc 1 429 0
 918 004e 0595     		str	r5, [sp, #20]
 430:Src/stm32f7xx_hal_msp.c ****     GPIO_InitStruct.Alternate = GPIO_AF7_USART1;
 919              		.loc 1 430 0
 920 0050 0695     		str	r5, [sp, #24]
 431:Src/stm32f7xx_hal_msp.c ****     HAL_GPIO_Init(VCP_TX_GPIO_Port, &GPIO_InitStruct);
 921              		.loc 1 431 0
 922 0052 0796     		str	r6, [sp, #28]
 432:Src/stm32f7xx_hal_msp.c **** 
 923              		.loc 1 432 0
 924 0054 03A9     		add	r1, sp, #12
 925 0056 3648     		ldr	r0, .L113+16
 926 0058 FFF7FEFF 		bl	HAL_GPIO_Init
 927              	.LVL43:
ARM GAS  C:\Users\Student\AppData\Local\Temp\ccEAU61W.s 			page 26


 436:Src/stm32f7xx_hal_msp.c ****     hdma_usart1_rx.Init.Channel = DMA_CHANNEL_4;
 928              		.loc 1 436 0
 929 005c 3548     		ldr	r0, .L113+20
 930 005e 364B     		ldr	r3, .L113+24
 931 0060 0360     		str	r3, [r0]
 437:Src/stm32f7xx_hal_msp.c ****     hdma_usart1_rx.Init.Direction = DMA_PERIPH_TO_MEMORY;
 932              		.loc 1 437 0
 933 0062 4FF00063 		mov	r3, #134217728
 934 0066 4360     		str	r3, [r0, #4]
 438:Src/stm32f7xx_hal_msp.c ****     hdma_usart1_rx.Init.PeriphInc = DMA_PINC_DISABLE;
 935              		.loc 1 438 0
 936 0068 8560     		str	r5, [r0, #8]
 439:Src/stm32f7xx_hal_msp.c ****     hdma_usart1_rx.Init.MemInc = DMA_MINC_ENABLE;
 937              		.loc 1 439 0
 938 006a C560     		str	r5, [r0, #12]
 440:Src/stm32f7xx_hal_msp.c ****     hdma_usart1_rx.Init.PeriphDataAlignment = DMA_PDATAALIGN_BYTE;
 939              		.loc 1 440 0
 940 006c 4FF48063 		mov	r3, #1024
 941 0070 0361     		str	r3, [r0, #16]
 441:Src/stm32f7xx_hal_msp.c ****     hdma_usart1_rx.Init.MemDataAlignment = DMA_MDATAALIGN_BYTE;
 942              		.loc 1 441 0
 943 0072 4561     		str	r5, [r0, #20]
 442:Src/stm32f7xx_hal_msp.c ****     hdma_usart1_rx.Init.Mode = DMA_NORMAL;
 944              		.loc 1 442 0
 945 0074 8561     		str	r5, [r0, #24]
 443:Src/stm32f7xx_hal_msp.c ****     hdma_usart1_rx.Init.Priority = DMA_PRIORITY_LOW;
 946              		.loc 1 443 0
 947 0076 C561     		str	r5, [r0, #28]
 444:Src/stm32f7xx_hal_msp.c ****     hdma_usart1_rx.Init.FIFOMode = DMA_FIFOMODE_DISABLE;
 948              		.loc 1 444 0
 949 0078 0562     		str	r5, [r0, #32]
 445:Src/stm32f7xx_hal_msp.c ****     if (HAL_DMA_Init(&hdma_usart1_rx) != HAL_OK)
 950              		.loc 1 445 0
 951 007a 4562     		str	r5, [r0, #36]
 446:Src/stm32f7xx_hal_msp.c ****     {
 952              		.loc 1 446 0
 953 007c FFF7FEFF 		bl	HAL_DMA_Init
 954              	.LVL44:
 955 0080 58B9     		cbnz	r0, .L111
 956              	.L105:
 451:Src/stm32f7xx_hal_msp.c **** 
 957              		.loc 1 451 0
 958 0082 2C4B     		ldr	r3, .L113+20
 959 0084 6366     		str	r3, [r4, #100]
 960 0086 9C63     		str	r4, [r3, #56]
 454:Src/stm32f7xx_hal_msp.c ****     HAL_NVIC_EnableIRQ(USART1_IRQn);
 961              		.loc 1 454 0
 962 0088 0022     		movs	r2, #0
 963 008a 0521     		movs	r1, #5
 964 008c 2520     		movs	r0, #37
 965 008e FFF7FEFF 		bl	HAL_NVIC_SetPriority
 966              	.LVL45:
 455:Src/stm32f7xx_hal_msp.c ****   /* USER CODE BEGIN USART1_MspInit 1 */
 967              		.loc 1 455 0
 968 0092 2520     		movs	r0, #37
 969 0094 FFF7FEFF 		bl	HAL_NVIC_EnableIRQ
 970              	.LVL46:
ARM GAS  C:\Users\Student\AppData\Local\Temp\ccEAU61W.s 			page 27


 971 0098 BCE7     		b	.L103
 972              	.L111:
 448:Src/stm32f7xx_hal_msp.c ****     }
 973              		.loc 1 448 0
 974 009a 4FF4E071 		mov	r1, #448
 975 009e 2748     		ldr	r0, .L113+28
 976 00a0 FFF7FEFF 		bl	_Error_Handler
 977              	.LVL47:
 978 00a4 EDE7     		b	.L105
 979              	.LVL48:
 980              	.L110:
 981              	.LBB9:
 466:Src/stm32f7xx_hal_msp.c ****   
 982              		.loc 1 466 0
 983 00a6 204B     		ldr	r3, .L113+8
 984 00a8 5A6C     		ldr	r2, [r3, #68]
 985 00aa 42F02002 		orr	r2, r2, #32
 986 00ae 5A64     		str	r2, [r3, #68]
 987 00b0 5B6C     		ldr	r3, [r3, #68]
 988 00b2 03F02003 		and	r3, r3, #32
 989 00b6 0293     		str	r3, [sp, #8]
 990 00b8 029B     		ldr	r3, [sp, #8]
 991              	.LBE9:
 472:Src/stm32f7xx_hal_msp.c ****     GPIO_InitStruct.Mode = GPIO_MODE_AF_PP;
 992              		.loc 1 472 0
 993 00ba C023     		movs	r3, #192
 994 00bc 0393     		str	r3, [sp, #12]
 473:Src/stm32f7xx_hal_msp.c ****     GPIO_InitStruct.Pull = GPIO_NOPULL;
 995              		.loc 1 473 0
 996 00be 0223     		movs	r3, #2
 997 00c0 0493     		str	r3, [sp, #16]
 474:Src/stm32f7xx_hal_msp.c ****     GPIO_InitStruct.Speed = GPIO_SPEED_FREQ_VERY_HIGH;
 998              		.loc 1 474 0
 999 00c2 0025     		movs	r5, #0
 1000 00c4 0595     		str	r5, [sp, #20]
 475:Src/stm32f7xx_hal_msp.c ****     GPIO_InitStruct.Alternate = GPIO_AF8_USART6;
 1001              		.loc 1 475 0
 1002 00c6 0323     		movs	r3, #3
 1003 00c8 0693     		str	r3, [sp, #24]
 476:Src/stm32f7xx_hal_msp.c ****     HAL_GPIO_Init(GPIOC, &GPIO_InitStruct);
 1004              		.loc 1 476 0
 1005 00ca 0823     		movs	r3, #8
 1006 00cc 0793     		str	r3, [sp, #28]
 477:Src/stm32f7xx_hal_msp.c **** 
 1007              		.loc 1 477 0
 1008 00ce 03A9     		add	r1, sp, #12
 1009 00d0 1B48     		ldr	r0, .L113+32
 1010              	.LVL49:
 1011 00d2 FFF7FEFF 		bl	HAL_GPIO_Init
 1012              	.LVL50:
 481:Src/stm32f7xx_hal_msp.c ****     hdma_usart6_rx.Init.Channel = DMA_CHANNEL_5;
 1013              		.loc 1 481 0
 1014 00d6 1B48     		ldr	r0, .L113+36
 1015 00d8 1B4B     		ldr	r3, .L113+40
 1016 00da 0360     		str	r3, [r0]
 482:Src/stm32f7xx_hal_msp.c ****     hdma_usart6_rx.Init.Direction = DMA_PERIPH_TO_MEMORY;
 1017              		.loc 1 482 0
ARM GAS  C:\Users\Student\AppData\Local\Temp\ccEAU61W.s 			page 28


 1018 00dc 4FF02063 		mov	r3, #167772160
 1019 00e0 4360     		str	r3, [r0, #4]
 483:Src/stm32f7xx_hal_msp.c ****     hdma_usart6_rx.Init.PeriphInc = DMA_PINC_DISABLE;
 1020              		.loc 1 483 0
 1021 00e2 8560     		str	r5, [r0, #8]
 484:Src/stm32f7xx_hal_msp.c ****     hdma_usart6_rx.Init.MemInc = DMA_MINC_ENABLE;
 1022              		.loc 1 484 0
 1023 00e4 C560     		str	r5, [r0, #12]
 485:Src/stm32f7xx_hal_msp.c ****     hdma_usart6_rx.Init.PeriphDataAlignment = DMA_PDATAALIGN_BYTE;
 1024              		.loc 1 485 0
 1025 00e6 4FF48063 		mov	r3, #1024
 1026 00ea 0361     		str	r3, [r0, #16]
 486:Src/stm32f7xx_hal_msp.c ****     hdma_usart6_rx.Init.MemDataAlignment = DMA_MDATAALIGN_BYTE;
 1027              		.loc 1 486 0
 1028 00ec 4561     		str	r5, [r0, #20]
 487:Src/stm32f7xx_hal_msp.c ****     hdma_usart6_rx.Init.Mode = DMA_NORMAL;
 1029              		.loc 1 487 0
 1030 00ee 8561     		str	r5, [r0, #24]
 488:Src/stm32f7xx_hal_msp.c ****     hdma_usart6_rx.Init.Priority = DMA_PRIORITY_LOW;
 1031              		.loc 1 488 0
 1032 00f0 C561     		str	r5, [r0, #28]
 489:Src/stm32f7xx_hal_msp.c ****     hdma_usart6_rx.Init.FIFOMode = DMA_FIFOMODE_DISABLE;
 1033              		.loc 1 489 0
 1034 00f2 0562     		str	r5, [r0, #32]
 490:Src/stm32f7xx_hal_msp.c ****     if (HAL_DMA_Init(&hdma_usart6_rx) != HAL_OK)
 1035              		.loc 1 490 0
 1036 00f4 4562     		str	r5, [r0, #36]
 491:Src/stm32f7xx_hal_msp.c ****     {
 1037              		.loc 1 491 0
 1038 00f6 FFF7FEFF 		bl	HAL_DMA_Init
 1039              	.LVL51:
 1040 00fa 58B9     		cbnz	r0, .L112
 1041              	.L107:
 496:Src/stm32f7xx_hal_msp.c **** 
 1042              		.loc 1 496 0
 1043 00fc 114B     		ldr	r3, .L113+36
 1044 00fe 6366     		str	r3, [r4, #100]
 1045 0100 9C63     		str	r4, [r3, #56]
 499:Src/stm32f7xx_hal_msp.c ****     HAL_NVIC_EnableIRQ(USART6_IRQn);
 1046              		.loc 1 499 0
 1047 0102 0022     		movs	r2, #0
 1048 0104 0521     		movs	r1, #5
 1049 0106 4720     		movs	r0, #71
 1050 0108 FFF7FEFF 		bl	HAL_NVIC_SetPriority
 1051              	.LVL52:
 500:Src/stm32f7xx_hal_msp.c ****   /* USER CODE BEGIN USART6_MspInit 1 */
 1052              		.loc 1 500 0
 1053 010c 4720     		movs	r0, #71
 1054 010e FFF7FEFF 		bl	HAL_NVIC_EnableIRQ
 1055              	.LVL53:
 1056              		.loc 1 506 0
 1057 0112 7FE7     		b	.L103
 1058              	.L112:
 493:Src/stm32f7xx_hal_msp.c ****     }
 1059              		.loc 1 493 0
 1060 0114 40F2ED11 		movw	r1, #493
 1061 0118 0848     		ldr	r0, .L113+28
ARM GAS  C:\Users\Student\AppData\Local\Temp\ccEAU61W.s 			page 29


 1062 011a FFF7FEFF 		bl	_Error_Handler
 1063              	.LVL54:
 1064 011e EDE7     		b	.L107
 1065              	.L114:
 1066              		.align	2
 1067              	.L113:
 1068 0120 00100140 		.word	1073811456
 1069 0124 00140140 		.word	1073812480
 1070 0128 00380240 		.word	1073887232
 1071 012c 00040240 		.word	1073873920
 1072 0130 00000240 		.word	1073872896
 1073 0134 00000000 		.word	hdma_usart1_rx
 1074 0138 40640240 		.word	1073898560
 1075 013c 00000000 		.word	.LC0
 1076 0140 00080240 		.word	1073874944
 1077 0144 00000000 		.word	hdma_usart6_rx
 1078 0148 28640240 		.word	1073898536
 1079              		.cfi_endproc
 1080              	.LFE151:
 1082              		.section	.text.HAL_UART_MspDeInit,"ax",%progbits
 1083              		.align	1
 1084              		.global	HAL_UART_MspDeInit
 1085              		.syntax unified
 1086              		.thumb
 1087              		.thumb_func
 1088              		.fpu fpv5-sp-d16
 1090              	HAL_UART_MspDeInit:
 1091              	.LFB152:
 507:Src/stm32f7xx_hal_msp.c **** 
 508:Src/stm32f7xx_hal_msp.c **** void HAL_UART_MspDeInit(UART_HandleTypeDef* huart)
 509:Src/stm32f7xx_hal_msp.c **** {
 1092              		.loc 1 509 0
 1093              		.cfi_startproc
 1094              		@ args = 0, pretend = 0, frame = 0
 1095              		@ frame_needed = 0, uses_anonymous_args = 0
 1096              	.LVL55:
 1097 0000 10B5     		push	{r4, lr}
 1098              	.LCFI21:
 1099              		.cfi_def_cfa_offset 8
 1100              		.cfi_offset 4, -8
 1101              		.cfi_offset 14, -4
 1102 0002 0446     		mov	r4, r0
 510:Src/stm32f7xx_hal_msp.c **** 
 511:Src/stm32f7xx_hal_msp.c ****   if(huart->Instance==USART1)
 1103              		.loc 1 511 0
 1104 0004 0368     		ldr	r3, [r0]
 1105 0006 174A     		ldr	r2, .L121
 1106 0008 9342     		cmp	r3, r2
 1107 000a 03D0     		beq	.L119
 512:Src/stm32f7xx_hal_msp.c ****   {
 513:Src/stm32f7xx_hal_msp.c ****   /* USER CODE BEGIN USART1_MspDeInit 0 */
 514:Src/stm32f7xx_hal_msp.c **** 
 515:Src/stm32f7xx_hal_msp.c ****   /* USER CODE END USART1_MspDeInit 0 */
 516:Src/stm32f7xx_hal_msp.c ****     /* Peripheral clock disable */
 517:Src/stm32f7xx_hal_msp.c ****     __HAL_RCC_USART1_CLK_DISABLE();
 518:Src/stm32f7xx_hal_msp.c ****   
 519:Src/stm32f7xx_hal_msp.c ****     /**USART1 GPIO Configuration    
ARM GAS  C:\Users\Student\AppData\Local\Temp\ccEAU61W.s 			page 30


 520:Src/stm32f7xx_hal_msp.c ****     PB7     ------> USART1_RX
 521:Src/stm32f7xx_hal_msp.c ****     PA9     ------> USART1_TX 
 522:Src/stm32f7xx_hal_msp.c ****     */
 523:Src/stm32f7xx_hal_msp.c ****     HAL_GPIO_DeInit(VCP_RX_GPIO_Port, VCP_RX_Pin);
 524:Src/stm32f7xx_hal_msp.c **** 
 525:Src/stm32f7xx_hal_msp.c ****     HAL_GPIO_DeInit(VCP_TX_GPIO_Port, VCP_TX_Pin);
 526:Src/stm32f7xx_hal_msp.c **** 
 527:Src/stm32f7xx_hal_msp.c ****     /* USART1 DMA DeInit */
 528:Src/stm32f7xx_hal_msp.c ****     HAL_DMA_DeInit(huart->hdmarx);
 529:Src/stm32f7xx_hal_msp.c **** 
 530:Src/stm32f7xx_hal_msp.c ****     /* USART1 interrupt DeInit */
 531:Src/stm32f7xx_hal_msp.c ****     HAL_NVIC_DisableIRQ(USART1_IRQn);
 532:Src/stm32f7xx_hal_msp.c ****   /* USER CODE BEGIN USART1_MspDeInit 1 */
 533:Src/stm32f7xx_hal_msp.c **** 
 534:Src/stm32f7xx_hal_msp.c ****   /* USER CODE END USART1_MspDeInit 1 */
 535:Src/stm32f7xx_hal_msp.c ****   }
 536:Src/stm32f7xx_hal_msp.c ****   else if(huart->Instance==USART6)
 1108              		.loc 1 536 0
 1109 000c 164A     		ldr	r2, .L121+4
 1110 000e 9342     		cmp	r3, r2
 1111 0010 16D0     		beq	.L120
 1112              	.LVL56:
 1113              	.L115:
 1114 0012 10BD     		pop	{r4, pc}
 1115              	.LVL57:
 1116              	.L119:
 517:Src/stm32f7xx_hal_msp.c ****   
 1117              		.loc 1 517 0
 1118 0014 02F59432 		add	r2, r2, #75776
 1119 0018 536C     		ldr	r3, [r2, #68]
 1120 001a 23F01003 		bic	r3, r3, #16
 1121 001e 5364     		str	r3, [r2, #68]
 523:Src/stm32f7xx_hal_msp.c **** 
 1122              		.loc 1 523 0
 1123 0020 8021     		movs	r1, #128
 1124 0022 1248     		ldr	r0, .L121+8
 1125              	.LVL58:
 1126 0024 FFF7FEFF 		bl	HAL_GPIO_DeInit
 1127              	.LVL59:
 525:Src/stm32f7xx_hal_msp.c **** 
 1128              		.loc 1 525 0
 1129 0028 4FF40071 		mov	r1, #512
 1130 002c 1048     		ldr	r0, .L121+12
 1131 002e FFF7FEFF 		bl	HAL_GPIO_DeInit
 1132              	.LVL60:
 528:Src/stm32f7xx_hal_msp.c **** 
 1133              		.loc 1 528 0
 1134 0032 606E     		ldr	r0, [r4, #100]
 1135 0034 FFF7FEFF 		bl	HAL_DMA_DeInit
 1136              	.LVL61:
 531:Src/stm32f7xx_hal_msp.c ****   /* USER CODE BEGIN USART1_MspDeInit 1 */
 1137              		.loc 1 531 0
 1138 0038 2520     		movs	r0, #37
 1139 003a FFF7FEFF 		bl	HAL_NVIC_DisableIRQ
 1140              	.LVL62:
 1141 003e 10BD     		pop	{r4, pc}
 1142              	.LVL63:
ARM GAS  C:\Users\Student\AppData\Local\Temp\ccEAU61W.s 			page 31


 1143              	.L120:
 537:Src/stm32f7xx_hal_msp.c ****   {
 538:Src/stm32f7xx_hal_msp.c ****   /* USER CODE BEGIN USART6_MspDeInit 0 */
 539:Src/stm32f7xx_hal_msp.c **** 
 540:Src/stm32f7xx_hal_msp.c ****   /* USER CODE END USART6_MspDeInit 0 */
 541:Src/stm32f7xx_hal_msp.c ****     /* Peripheral clock disable */
 542:Src/stm32f7xx_hal_msp.c ****     __HAL_RCC_USART6_CLK_DISABLE();
 1144              		.loc 1 542 0
 1145 0040 02F59232 		add	r2, r2, #74752
 1146 0044 536C     		ldr	r3, [r2, #68]
 1147 0046 23F02003 		bic	r3, r3, #32
 1148 004a 5364     		str	r3, [r2, #68]
 543:Src/stm32f7xx_hal_msp.c ****   
 544:Src/stm32f7xx_hal_msp.c ****     /**USART6 GPIO Configuration    
 545:Src/stm32f7xx_hal_msp.c ****     PC7     ------> USART6_RX
 546:Src/stm32f7xx_hal_msp.c ****     PC6     ------> USART6_TX 
 547:Src/stm32f7xx_hal_msp.c ****     */
 548:Src/stm32f7xx_hal_msp.c ****     HAL_GPIO_DeInit(GPIOC, ARDUINO_RX_D0_Pin|ARDUINO_TX_D1_Pin);
 1149              		.loc 1 548 0
 1150 004c C021     		movs	r1, #192
 1151 004e 0948     		ldr	r0, .L121+16
 1152              	.LVL64:
 1153 0050 FFF7FEFF 		bl	HAL_GPIO_DeInit
 1154              	.LVL65:
 549:Src/stm32f7xx_hal_msp.c **** 
 550:Src/stm32f7xx_hal_msp.c ****     /* USART6 DMA DeInit */
 551:Src/stm32f7xx_hal_msp.c ****     HAL_DMA_DeInit(huart->hdmarx);
 1155              		.loc 1 551 0
 1156 0054 606E     		ldr	r0, [r4, #100]
 1157 0056 FFF7FEFF 		bl	HAL_DMA_DeInit
 1158              	.LVL66:
 552:Src/stm32f7xx_hal_msp.c **** 
 553:Src/stm32f7xx_hal_msp.c ****     /* USART6 interrupt DeInit */
 554:Src/stm32f7xx_hal_msp.c ****     HAL_NVIC_DisableIRQ(USART6_IRQn);
 1159              		.loc 1 554 0
 1160 005a 4720     		movs	r0, #71
 1161 005c FFF7FEFF 		bl	HAL_NVIC_DisableIRQ
 1162              	.LVL67:
 555:Src/stm32f7xx_hal_msp.c ****   /* USER CODE BEGIN USART6_MspDeInit 1 */
 556:Src/stm32f7xx_hal_msp.c **** 
 557:Src/stm32f7xx_hal_msp.c ****   /* USER CODE END USART6_MspDeInit 1 */
 558:Src/stm32f7xx_hal_msp.c ****   }
 559:Src/stm32f7xx_hal_msp.c **** 
 560:Src/stm32f7xx_hal_msp.c **** }
 1163              		.loc 1 560 0
 1164 0060 D7E7     		b	.L115
 1165              	.L122:
 1166 0062 00BF     		.align	2
 1167              	.L121:
 1168 0064 00100140 		.word	1073811456
 1169 0068 00140140 		.word	1073812480
 1170 006c 00040240 		.word	1073873920
 1171 0070 00000240 		.word	1073872896
 1172 0074 00080240 		.word	1073874944
 1173              		.cfi_endproc
 1174              	.LFE152:
 1176              		.section	.rodata.HAL_UART_MspInit.str1.4,"aMS",%progbits,1
ARM GAS  C:\Users\Student\AppData\Local\Temp\ccEAU61W.s 			page 32


 1177              		.align	2
 1178              	.LC0:
 1179 0000 5372632F 		.ascii	"Src/stm32f7xx_hal_msp.c\000"
 1179      73746D33 
 1179      32663778 
 1179      785F6861 
 1179      6C5F6D73 
 1180              		.text
 1181              	.Letext0:
 1182              		.file 2 "c:\\gcc_toolchain\\6_2017-q1-update\\arm-none-eabi\\include\\machine\\_default_types.h"
 1183              		.file 3 "c:\\gcc_toolchain\\6_2017-q1-update\\arm-none-eabi\\include\\sys\\_stdint.h"
 1184              		.file 4 "Drivers/CMSIS/Include/core_cm7.h"
 1185              		.file 5 "Drivers/CMSIS/Device/ST/STM32F7xx/Include/system_stm32f7xx.h"
 1186              		.file 6 "Drivers/CMSIS/Device/ST/STM32F7xx/Include/stm32f746xx.h"
 1187              		.file 7 "c:\\gcc_toolchain\\6_2017-q1-update\\arm-none-eabi\\include\\sys\\lock.h"
 1188              		.file 8 "c:\\gcc_toolchain\\6_2017-q1-update\\arm-none-eabi\\include\\sys\\_types.h"
 1189              		.file 9 "c:\\gcc_toolchain\\6_2017-q1-update\\lib\\gcc\\arm-none-eabi\\6.3.1\\include\\stddef.h"
 1190              		.file 10 "c:\\gcc_toolchain\\6_2017-q1-update\\arm-none-eabi\\include\\sys\\reent.h"
 1191              		.file 11 "Drivers/STM32F7xx_HAL_Driver/Inc/stm32f7xx_hal_def.h"
 1192              		.file 12 "Drivers/STM32F7xx_HAL_Driver/Inc/stm32f7xx_hal_gpio.h"
 1193              		.file 13 "Drivers/STM32F7xx_HAL_Driver/Inc/stm32f7xx_hal_dma.h"
 1194              		.file 14 "Drivers/STM32F7xx_HAL_Driver/Inc/stm32f7xx_hal_adc.h"
 1195              		.file 15 "Drivers/STM32F7xx_HAL_Driver/Inc/stm32f7xx_hal_crc.h"
 1196              		.file 16 "Drivers/STM32F7xx_HAL_Driver/Inc/stm32f7xx_hal_dma2d.h"
 1197              		.file 17 "Drivers/STM32F7xx_HAL_Driver/Inc/stm32f7xx_hal_rng.h"
 1198              		.file 18 "Drivers/STM32F7xx_HAL_Driver/Inc/stm32f7xx_hal_rtc.h"
 1199              		.file 19 "Drivers/STM32F7xx_HAL_Driver/Inc/stm32f7xx_ll_sdmmc.h"
 1200              		.file 20 "Drivers/STM32F7xx_HAL_Driver/Inc/stm32f7xx_hal_sd.h"
 1201              		.file 21 "Drivers/STM32F7xx_HAL_Driver/Inc/stm32f7xx_hal_tim.h"
 1202              		.file 22 "Drivers/STM32F7xx_HAL_Driver/Inc/stm32f7xx_hal_uart.h"
 1203              		.file 23 "Drivers/STM32F7xx_HAL_Driver/Inc/stm32f7xx_hal_cortex.h"
ARM GAS  C:\Users\Student\AppData\Local\Temp\ccEAU61W.s 			page 33


DEFINED SYMBOLS
                            *ABS*:00000000 stm32f7xx_hal_msp.c
C:\Users\Student\AppData\Local\Temp\ccEAU61W.s:18     .text.HAL_MspInit:00000000 $t
C:\Users\Student\AppData\Local\Temp\ccEAU61W.s:25     .text.HAL_MspInit:00000000 HAL_MspInit
C:\Users\Student\AppData\Local\Temp\ccEAU61W.s:88     .text.HAL_ADC_MspInit:00000000 $t
C:\Users\Student\AppData\Local\Temp\ccEAU61W.s:95     .text.HAL_ADC_MspInit:00000000 HAL_ADC_MspInit
C:\Users\Student\AppData\Local\Temp\ccEAU61W.s:166    .text.HAL_ADC_MspInit:00000050 $d
C:\Users\Student\AppData\Local\Temp\ccEAU61W.s:173    .text.HAL_ADC_MspDeInit:00000000 $t
C:\Users\Student\AppData\Local\Temp\ccEAU61W.s:180    .text.HAL_ADC_MspDeInit:00000000 HAL_ADC_MspDeInit
C:\Users\Student\AppData\Local\Temp\ccEAU61W.s:223    .text.HAL_ADC_MspDeInit:0000002c $d
C:\Users\Student\AppData\Local\Temp\ccEAU61W.s:231    .text.HAL_CRC_MspInit:00000000 $t
C:\Users\Student\AppData\Local\Temp\ccEAU61W.s:238    .text.HAL_CRC_MspInit:00000000 HAL_CRC_MspInit
C:\Users\Student\AppData\Local\Temp\ccEAU61W.s:279    .text.HAL_CRC_MspInit:00000028 $d
C:\Users\Student\AppData\Local\Temp\ccEAU61W.s:284    .text.HAL_CRC_MspDeInit:00000000 $t
C:\Users\Student\AppData\Local\Temp\ccEAU61W.s:291    .text.HAL_CRC_MspDeInit:00000000 HAL_CRC_MspDeInit
C:\Users\Student\AppData\Local\Temp\ccEAU61W.s:317    .text.HAL_CRC_MspDeInit:00000018 $d
C:\Users\Student\AppData\Local\Temp\ccEAU61W.s:323    .text.HAL_DMA2D_MspInit:00000000 $t
C:\Users\Student\AppData\Local\Temp\ccEAU61W.s:330    .text.HAL_DMA2D_MspInit:00000000 HAL_DMA2D_MspInit
C:\Users\Student\AppData\Local\Temp\ccEAU61W.s:371    .text.HAL_DMA2D_MspInit:00000028 $d
C:\Users\Student\AppData\Local\Temp\ccEAU61W.s:376    .text.HAL_DMA2D_MspDeInit:00000000 $t
C:\Users\Student\AppData\Local\Temp\ccEAU61W.s:383    .text.HAL_DMA2D_MspDeInit:00000000 HAL_DMA2D_MspDeInit
C:\Users\Student\AppData\Local\Temp\ccEAU61W.s:409    .text.HAL_DMA2D_MspDeInit:00000018 $d
C:\Users\Student\AppData\Local\Temp\ccEAU61W.s:415    .text.HAL_RNG_MspInit:00000000 $t
C:\Users\Student\AppData\Local\Temp\ccEAU61W.s:422    .text.HAL_RNG_MspInit:00000000 HAL_RNG_MspInit
C:\Users\Student\AppData\Local\Temp\ccEAU61W.s:463    .text.HAL_RNG_MspInit:00000024 $d
C:\Users\Student\AppData\Local\Temp\ccEAU61W.s:469    .text.HAL_RNG_MspDeInit:00000000 $t
C:\Users\Student\AppData\Local\Temp\ccEAU61W.s:476    .text.HAL_RNG_MspDeInit:00000000 HAL_RNG_MspDeInit
C:\Users\Student\AppData\Local\Temp\ccEAU61W.s:502    .text.HAL_RNG_MspDeInit:00000018 $d
C:\Users\Student\AppData\Local\Temp\ccEAU61W.s:508    .text.HAL_RTC_MspInit:00000000 $t
C:\Users\Student\AppData\Local\Temp\ccEAU61W.s:515    .text.HAL_RTC_MspInit:00000000 HAL_RTC_MspInit
C:\Users\Student\AppData\Local\Temp\ccEAU61W.s:541    .text.HAL_RTC_MspInit:00000018 $d
C:\Users\Student\AppData\Local\Temp\ccEAU61W.s:547    .text.HAL_RTC_MspDeInit:00000000 $t
C:\Users\Student\AppData\Local\Temp\ccEAU61W.s:554    .text.HAL_RTC_MspDeInit:00000000 HAL_RTC_MspDeInit
C:\Users\Student\AppData\Local\Temp\ccEAU61W.s:580    .text.HAL_RTC_MspDeInit:00000018 $d
C:\Users\Student\AppData\Local\Temp\ccEAU61W.s:586    .text.HAL_SD_MspInit:00000000 $t
C:\Users\Student\AppData\Local\Temp\ccEAU61W.s:593    .text.HAL_SD_MspInit:00000000 HAL_SD_MspInit
C:\Users\Student\AppData\Local\Temp\ccEAU61W.s:676    .text.HAL_SD_MspInit:0000005c $d
C:\Users\Student\AppData\Local\Temp\ccEAU61W.s:683    .text.HAL_SD_MspDeInit:00000000 $t
C:\Users\Student\AppData\Local\Temp\ccEAU61W.s:690    .text.HAL_SD_MspDeInit:00000000 HAL_SD_MspDeInit
C:\Users\Student\AppData\Local\Temp\ccEAU61W.s:733    .text.HAL_SD_MspDeInit:0000002c $d
C:\Users\Student\AppData\Local\Temp\ccEAU61W.s:741    .text.HAL_TIM_Base_MspInit:00000000 $t
C:\Users\Student\AppData\Local\Temp\ccEAU61W.s:748    .text.HAL_TIM_Base_MspInit:00000000 HAL_TIM_Base_MspInit
C:\Users\Student\AppData\Local\Temp\ccEAU61W.s:789    .text.HAL_TIM_Base_MspInit:00000028 $d
C:\Users\Student\AppData\Local\Temp\ccEAU61W.s:794    .text.HAL_TIM_Base_MspDeInit:00000000 $t
C:\Users\Student\AppData\Local\Temp\ccEAU61W.s:801    .text.HAL_TIM_Base_MspDeInit:00000000 HAL_TIM_Base_MspDeInit
C:\Users\Student\AppData\Local\Temp\ccEAU61W.s:827    .text.HAL_TIM_Base_MspDeInit:00000018 $d
C:\Users\Student\AppData\Local\Temp\ccEAU61W.s:833    .text.HAL_UART_MspInit:00000000 $t
C:\Users\Student\AppData\Local\Temp\ccEAU61W.s:840    .text.HAL_UART_MspInit:00000000 HAL_UART_MspInit
C:\Users\Student\AppData\Local\Temp\ccEAU61W.s:1068   .text.HAL_UART_MspInit:00000120 $d
C:\Users\Student\AppData\Local\Temp\ccEAU61W.s:1083   .text.HAL_UART_MspDeInit:00000000 $t
C:\Users\Student\AppData\Local\Temp\ccEAU61W.s:1090   .text.HAL_UART_MspDeInit:00000000 HAL_UART_MspDeInit
C:\Users\Student\AppData\Local\Temp\ccEAU61W.s:1168   .text.HAL_UART_MspDeInit:00000064 $d
C:\Users\Student\AppData\Local\Temp\ccEAU61W.s:1177   .rodata.HAL_UART_MspInit.str1.4:00000000 $d
                     .debug_frame:00000010 $d

UNDEFINED SYMBOLS
HAL_NVIC_SetPriorityGrouping
ARM GAS  C:\Users\Student\AppData\Local\Temp\ccEAU61W.s 			page 34


HAL_NVIC_SetPriority
HAL_GPIO_Init
HAL_GPIO_DeInit
HAL_DMA_Init
HAL_NVIC_EnableIRQ
_Error_Handler
hdma_usart1_rx
hdma_usart6_rx
HAL_DMA_DeInit
HAL_NVIC_DisableIRQ
